<?xml version="1.0" encoding="UTF-8"?>
<!-- Generated by org.testng.reporters.JUnitXMLReporter -->
<testsuite ignored="0" hostname="LTIN294257" failures="1" tests="18" name="Test3" time="73.667" errors="0" timestamp="2024-01-08T11:16:39 IST">
  <testcase classname="allTest.FlightTest" name="navigateToFLightsPage" time="30.493">
    <failure type="org.openqa.selenium.NoSuchElementException" message="no such element: Unable to locate element: {&amp;quot;method&amp;quot;:&amp;quot;xpath&amp;quot;,&amp;quot;selector&amp;quot;:&amp;quot;//*[@class=&amp;apos;logSprite icClose&amp;apos;]&amp;quot;}
  (Session info: chrome=118.0.5993.71)
For documentation on this error, please visit: https://www.selenium.dev/documentation/webdriver/troubleshooting/errors#no-such-element-exception
Build info: version: &amp;apos;4.11.0&amp;apos;, revision: &amp;apos;040bc5406b&amp;apos;
System info: os.name: &amp;apos;Windows 11&amp;apos;, os.arch: &amp;apos;amd64&amp;apos;, os.version: &amp;apos;10.0&amp;apos;, java.version: &amp;apos;19.0.2&amp;apos;
Driver info: org.openqa.selenium.chrome.ChromeDriver
Command: [e8585a782204e5631d14eae6a24238ee, findElement {using=xpath, value=//*[@class=&amp;apos;logSprite icClose&amp;apos;]}]
Capabilities {acceptInsecureCerts: false, browserName: chrome, browserVersion: 118.0.5993.71, chrome: {chromedriverVersion: 118.0.5993.70 (e52f33f30b91..., userDataDir: C:\Windows\SystemTemp\scope...}, fedcm:accounts: true, goog:chromeOptions: {debuggerAddress: localhost:60186}, networkConnectionEnabled: false, pageLoadStrategy: normal, platformName: windows, proxy: Proxy(), se:cdp: ws://localhost:60186/devtoo..., se:cdpVersion: 118.0.5993.71, setWindowRect: true, strictFileInteractability: false, timeouts: {implicit: 0, pageLoad: 300000, script: 30000}, unhandledPromptBehavior: dismiss and notify, webauthn:extension:credBlob: true, webauthn:extension:largeBlob: true, webauthn:extension:minPinLength: true, webauthn:extension:prf: true, webauthn:virtualAuthenticators: true}
Session ID: e8585a782204e5631d14eae6a24238ee">
      <![CDATA[org.openqa.selenium.NoSuchElementException: no such element: Unable to locate element: {"method":"xpath","selector":"//*[@class='logSprite icClose']"}
  (Session info: chrome=118.0.5993.71)
For documentation on this error, please visit: https://www.selenium.dev/documentation/webdriver/troubleshooting/errors#no-such-element-exception
Build info: version: '4.11.0', revision: '040bc5406b'
System info: os.name: 'Windows 11', os.arch: 'amd64', os.version: '10.0', java.version: '19.0.2'
Driver info: org.openqa.selenium.chrome.ChromeDriver
Command: [e8585a782204e5631d14eae6a24238ee, findElement {using=xpath, value=//*[@class='logSprite icClose']}]
Capabilities {acceptInsecureCerts: false, browserName: chrome, browserVersion: 118.0.5993.71, chrome: {chromedriverVersion: 118.0.5993.70 (e52f33f30b91..., userDataDir: C:\Windows\SystemTemp\scope...}, fedcm:accounts: true, goog:chromeOptions: {debuggerAddress: localhost:60186}, networkConnectionEnabled: false, pageLoadStrategy: normal, platformName: windows, proxy: Proxy(), se:cdp: ws://localhost:60186/devtoo..., se:cdpVersion: 118.0.5993.71, setWindowRect: true, strictFileInteractability: false, timeouts: {implicit: 0, pageLoad: 300000, script: 30000}, unhandledPromptBehavior: dismiss and notify, webauthn:extension:credBlob: true, webauthn:extension:largeBlob: true, webauthn:extension:minPinLength: true, webauthn:extension:prf: true, webauthn:virtualAuthenticators: true}
Session ID: e8585a782204e5631d14eae6a24238ee
at org.openqa.selenium.remote.codec.w3c.W3CHttpResponseCodec.createException(W3CHttpResponseCodec.java:200)
at org.openqa.selenium.remote.codec.w3c.W3CHttpResponseCodec.decode(W3CHttpResponseCodec.java:133)
at org.openqa.selenium.remote.codec.w3c.W3CHttpResponseCodec.decode(W3CHttpResponseCodec.java:52)
at org.openqa.selenium.remote.HttpCommandExecutor.execute(HttpCommandExecutor.java:191)
at org.openqa.selenium.remote.service.DriverCommandExecutor.invokeExecute(DriverCommandExecutor.java:196)
at org.openqa.selenium.remote.service.DriverCommandExecutor.execute(DriverCommandExecutor.java:171)
at org.openqa.selenium.remote.RemoteWebDriver.execute(RemoteWebDriver.java:518)
at org.openqa.selenium.remote.ElementLocation$ElementFinder$2.findElement(ElementLocation.java:165)
at org.openqa.selenium.remote.ElementLocation.findElement(ElementLocation.java:59)
at org.openqa.selenium.remote.RemoteWebDriver.findElement(RemoteWebDriver.java:355)
at org.openqa.selenium.remote.RemoteWebDriver.findElement(RemoteWebDriver.java:349)
at pages.Homepage.closeSigninPopup(Homepage.java:127)
at allTest.FlightTest.navigateToFLightsPage(FlightTest.java:31)
at java.base/java.util.ArrayList.forEach(ArrayList.java:1511)
at java.base/java.util.concurrent.FutureTask.run(FutureTask.java:317)
at java.base/java.util.concurrent.ThreadPoolExecutor.runWorker(ThreadPoolExecutor.java:1144)
at java.base/java.util.concurrent.ThreadPoolExecutor$Worker.run(ThreadPoolExecutor.java:642)
at java.base/java.lang.Thread.run(Thread.java:1589)
... Removed 18 stack frames]]>
    </failure>
  </testcase> <!-- navigateToFLightsPage -->
  <testcase classname="allTest.FlightTest" name="verifyFromTextBox" time="0.0">
    <skipped/>
  </testcase> <!-- verifyFromTextBox -->
  <testcase classname="allTest.FlightTest" name="verifyOriginCity" time="0.0">
    <skipped/>
  </testcase> <!-- verifyOriginCity -->
  <testcase classname="allTest.FlightTest" name="verifyToTextBox" time="0.0">
    <skipped/>
  </testcase> <!-- verifyToTextBox -->
  <testcase classname="allTest.FlightTest" name="verifyDestinationCity" time="0.0">
    <skipped/>
  </testcase> <!-- verifyDestinationCity -->
  <testcase classname="allTest.FlightTest" name="verifyDateBtn" time="0.0">
    <skipped/>
  </testcase> <!-- verifyDateBtn -->
  <testcase classname="allTest.FlightTest" name="validationOfLowestFares" time="0.0">
    <skipped/>
  </testcase> <!-- validationOfLowestFares -->
  <testcase classname="allTest.FlightTest" name="lowestDateSelection" time="0.0">
    <skipped/>
  </testcase> <!-- lowestDateSelection -->
  <testcase classname="allTest.FlightTest" name="enterTravellerDetails" time="0.0">
    <skipped/>
  </testcase> <!-- enterTravellerDetails -->
  <testcase classname="allTest.FlightTest" name="verifySearchButton" time="0.0">
    <skipped/>
  </testcase> <!-- verifySearchButton -->
  <testcase classname="allTest.FlightTest" name="verifyPriceFilter" time="0.0">
    <skipped/>
  </testcase> <!-- verifyPriceFilter -->
  <testcase classname="allTest.FlightTest" name="verifyBookBtn" time="0.0">
    <skipped/>
  </testcase> <!-- verifyBookBtn -->
  <testcase classname="allTest.FlightTest" name="verifyFlightDetails" time="0.001">
    <skipped/>
  </testcase> <!-- verifyFlightDetails -->
  <testcase classname="allTest.FlightTest" name="enterPassengerDetails" time="0.0">
    <skipped/>
  </testcase> <!-- enterPassengerDetails -->
  <testcase classname="allTest.FlightTest" name="verifyPassengerDetails" time="0.001">
    <skipped/>
  </testcase> <!-- verifyPassengerDetails -->
  <testcase classname="allTest.FlightTest" name="verifyCardPaymentOption" time="0.0">
    <skipped/>
  </testcase> <!-- verifyCardPaymentOption -->
  <testcase classname="allTest.FlightTest" name="verifyCardDetailsFields" time="0.0">
    <skipped/>
  </testcase> <!-- verifyCardDetailsFields -->
  <testcase classname="allTest.FlightTest" name="verifyPayWithoutSavingCardButton" time="0.001">
    <skipped/>
  </testcase> <!-- verifyPayWithoutSavingCardButton -->
</testsuite> <!-- Test3 -->
