<?xml version="1.0" encoding="UTF-8"?>
<!-- Generated by org.testng.reporters.JUnitXMLReporter -->
<testsuite ignored="0" hostname="LTIN294257" failures="1" tests="27" name="Test1" time="84.383" errors="0" timestamp="2024-01-15T16:24:21 IST">
  <testcase classname="allTest.HotelsTest" name="navigateToHotelsPage" time="2.8"/>
  <testcase classname="allTest.HotelsTest" name="validationOfRadioButtons" time="0.86"/>
  <testcase classname="allTest.HotelsTest" name="validationOfWhereSearchfield" time="0.935"/>
  <testcase classname="allTest.HotelsTest" name="validationOfDateFields" time="0.465"/>
  <testcase classname="allTest.HotelsTest" name="validationOfAdultsField" time="0.321"/>
  <testcase classname="allTest.HotelsTest" name="validationOfRoomsField" time="0.294"/>
  <testcase classname="allTest.HotelsTest" name="validationOfChildrenField" time="0.714"/>
  <testcase classname="allTest.HotelsTest" name="verify0RoomAdd" time="0.33"/>
  <testcase classname="allTest.HotelsTest" name="verify0AdultAdd" time="0.324"/>
  <testcase classname="allTest.HotelsTest" name="validationOfSearchField" time="30.002"/>
  <testcase classname="allTest.HotelsTest" name="verifySearchCriteria" time="0.124"/>
  <testcase classname="allTest.HotelsTest" name="verifySortingOptions" time="1.615"/>
  <testcase classname="allTest.HotelsTest" name="verifySortingOptions" time="1.989"/>
  <testcase classname="allTest.HotelsTest" name="verifySortingOptions" time="1.751"/>
  <testcase classname="allTest.HotelsTest" name="verifyPriceFilter" time="31.902">
    <failure type="org.openqa.selenium.TimeoutException" message="Expected condition failed: waiting for element ([[ChromeDriver: chrome on windows (e632e7c8d6ab437a7a604643fba5e0b2)] -&amp;gt; xpath: //*[contains(@class,&amp;apos;SearchResultsLoaderstyles__SearchResultsLoaderContainer&amp;apos;)]]) to become stale (tried for 30 second(s) with 500 milliseconds interval)">
      <![CDATA[org.openqa.selenium.TimeoutException: Expected condition failed: waiting for element ([[ChromeDriver: chrome on windows (e632e7c8d6ab437a7a604643fba5e0b2)] -> xpath: //*[contains(@class,'SearchResultsLoaderstyles__SearchResultsLoaderContainer')]]) to become stale (tried for 30 second(s) with 500 milliseconds interval)
at org.openqa.selenium.support.ui.WebDriverWait.timeoutException(WebDriverWait.java:84)
at org.openqa.selenium.support.ui.FluentWait.until(FluentWait.java:230)
at pages.hotels.HotelResultsPage.applyPriceRangeFilter(HotelResultsPage.java:202)
at allTest.HotelsTest.verifyPriceFilter(HotelsTest.java:187)
at java.base/java.util.ArrayList.forEach(ArrayList.java:1511)
Caused by: org.openqa.selenium.NoSuchElementException: no such element: No node with given id found
  (Session info: chrome=118.0.5993.71)
For documentation on this error, please visit: https://www.selenium.dev/documentation/webdriver/troubleshooting/errors#no-such-element-exception
Build info: version: '4.11.0', revision: '040bc5406b'
System info: os.name: 'Windows 11', os.arch: 'amd64', os.version: '10.0', java.version: '19.0.2'
Driver info: org.openqa.selenium.chrome.ChromeDriver
Command: [e632e7c8d6ab437a7a604643fba5e0b2, isElementEnabled {id=FF3E9C53DECA244269E742F3920CFB02_element_526}]
Capabilities {acceptInsecureCerts: false, browserName: chrome, browserVersion: 118.0.5993.71, chrome: {chromedriverVersion: 118.0.5993.70 (e52f33f30b91..., userDataDir: C:\Windows\SystemTemp\scope...}, fedcm:accounts: true, goog:chromeOptions: {debuggerAddress: localhost:62674}, networkConnectionEnabled: false, pageLoadStrategy: normal, platformName: windows, proxy: Proxy(), se:cdp: ws://localhost:62674/devtoo..., se:cdpVersion: 118.0.5993.71, setWindowRect: true, strictFileInteractability: false, timeouts: {implicit: 0, pageLoad: 300000, script: 30000}, unhandledPromptBehavior: dismiss and notify, webauthn:extension:credBlob: true, webauthn:extension:largeBlob: true, webauthn:extension:minPinLength: true, webauthn:extension:prf: true, webauthn:virtualAuthenticators: true}
Element: [[ChromeDriver: chrome on windows (e632e7c8d6ab437a7a604643fba5e0b2)] -> xpath: //*[contains(@class,'SearchResultsLoaderstyles__SearchResultsLoaderContainer')]]
Session ID: e632e7c8d6ab437a7a604643fba5e0b2
at org.openqa.selenium.remote.codec.w3c.W3CHttpResponseCodec.createException(W3CHttpResponseCodec.java:200)
at org.openqa.selenium.remote.codec.w3c.W3CHttpResponseCodec.decode(W3CHttpResponseCodec.java:133)
at org.openqa.selenium.remote.codec.w3c.W3CHttpResponseCodec.decode(W3CHttpResponseCodec.java:52)
at org.openqa.selenium.remote.HttpCommandExecutor.execute(HttpCommandExecutor.java:191)
at org.openqa.selenium.remote.service.DriverCommandExecutor.invokeExecute(DriverCommandExecutor.java:196)
at org.openqa.selenium.remote.service.DriverCommandExecutor.execute(DriverCommandExecutor.java:171)
at org.openqa.selenium.remote.RemoteWebDriver.execute(RemoteWebDriver.java:518)
at org.openqa.selenium.remote.RemoteWebElement.execute(RemoteWebElement.java:224)
at org.openqa.selenium.remote.RemoteWebElement.isEnabled(RemoteWebElement.java:182)
at org.openqa.selenium.support.ui.ExpectedConditions$24.apply(ExpectedConditions.java:686)
at org.openqa.selenium.support.ui.ExpectedConditions$24.apply(ExpectedConditions.java:681)
at org.openqa.selenium.support.ui.FluentWait.until(FluentWait.java:205)
... 28 more
... Removed 28 stack frames]]>
    </failure>
  </testcase> <!-- verifyPriceFilter -->
  <testcase classname="allTest.HotelsTest" name="verifyCustomerRatingFilter" time="0.0">
    <skipped/>
  </testcase> <!-- verifyCustomerRatingFilter -->
  <testcase classname="allTest.HotelsTest" name="verifyHotelSelection" time="0.0">
    <skipped/>
  </testcase> <!-- verifyHotelSelection -->
  <testcase classname="allTest.HotelsTest" name="verifyRoomOptionsSelection" time="0.0">
    <skipped/>
  </testcase> <!-- verifyRoomOptionsSelection -->
  <testcase classname="allTest.HotelsTest" name="validateSearchCriteria" time="0.0">
    <skipped/>
  </testcase> <!-- validateSearchCriteria -->
  <testcase classname="allTest.HotelsTest" name="verifyOfferCodeSelection" time="0.0">
    <skipped/>
  </testcase> <!-- verifyOfferCodeSelection -->
  <testcase classname="allTest.HotelsTest" name="verifyPriceSummary" time="0.0">
    <skipped/>
  </testcase> <!-- verifyPriceSummary -->
  <testcase classname="allTest.HotelsTest" name="verifyRequiredFields" time="0.0">
    <skipped/>
  </testcase> <!-- verifyRequiredFields -->
  <testcase classname="allTest.HotelsTest" name="verifyPaymentButton" time="0.0">
    <skipped/>
  </testcase> <!-- verifyPaymentButton -->
  <testcase classname="allTest.HotelsTest" name="verifyDetailsOnPaymentGateway" time="0.0">
    <skipped/>
  </testcase> <!-- verifyDetailsOnPaymentGateway -->
  <testcase classname="allTest.HotelsTest" name="verifyCardPaymentOption" time="0.0">
    <skipped/>
  </testcase> <!-- verifyCardPaymentOption -->
  <testcase classname="allTest.HotelsTest" name="verifyCardDetailsFields" time="0.0">
    <skipped/>
  </testcase> <!-- verifyCardDetailsFields -->
  <testcase classname="allTest.HotelsTest" name="verifyPayWithoutSavingCardButton" time="0.0">
    <skipped/>
  </testcase> <!-- verifyPayWithoutSavingCardButton -->
</testsuite> <!-- Test1 -->
