<html>
<head>
<title>TestNG:  Test1</title>
<link href="../testng.css" rel="stylesheet" type="text/css" />
<link href="../my-testng.css" rel="stylesheet" type="text/css" />

<style type="text/css">
.log { display: none;} 
.stack-trace { display: none;} 
</style>
<script type="text/javascript">
<!--
function flip(e) {
  current = e.style.display;
  if (current == 'block') {
    e.style.display = 'none';
    return 0;
  }
  else {
    e.style.display = 'block';
    return 1;
  }
}

function toggleBox(szDivId, elem, msg1, msg2)
{
  var res = -1;  if (document.getElementById) {
    res = flip(document.getElementById(szDivId));
  }
  else if (document.all) {
    // this is the way old msie versions work
    res = flip(document.all[szDivId]);
  }
  if(elem) {
    if(res == 0) elem.innerHTML = msg1; else elem.innerHTML = msg2;
  }

}

function toggleAllBoxes() {
  if (document.getElementsByTagName) {
    d = document.getElementsByTagName('div');
    for (i = 0; i < d.length; i++) {
      if (d[i].className == 'log') {
        flip(d[i]);
      }
    }
  }
}

// -->
</script>

</head>
<body>
<h2 align='center'>Test1</h2><table border='1' align="center">
<tr>
<td>Tests passed/Failed/Skipped:</td><td>14/1/12</td>
</tr><tr>
<td>Started on:</td><td>Mon Jan 15 16:22:57 IST 2024</td>
</tr>
<tr><td>Total time:</td><td>84 seconds (84383 ms)</td>
</tr><tr>
<td>Included groups:</td><td></td>
</tr><tr>
<td>Excluded groups:</td><td></td>
</tr>
</table><p/>
<small><i>(Hover the method name to see the test class name)</i></small><p/>
<table width='100%' border='1' class='invocation-failed'>
<tr><td colspan='4' align='center'><b>FAILED TESTS</b></td></tr>
<tr><td><b>Test method</b></td>
<td><b>Attribute(s)</b></td>
<td width="30%"><b>Exception</b></td>
<td width="10%"><b>Time (seconds)</b></td>
<td><b>Instance</b></td>
</tr>
<tr>
<td title='allTest.HotelsTest.verifyPriceFilter()'><b>verifyPriceFilter</b><br>Test class: allTest.HotelsTest<br>Test method: To verify the functionality of Price filters</td>
<td>
<a href="#attributes-1282128509" onClick='toggleBox("attributes-1282128509", this, "Show attributes", "Hide attributes");'>Show attributes</a>

<a href="#attributes-1282128509"></a><div class='log' id="attributes-1282128509">
name: passMessage, value:[The hotel results shows the hotels having amount between 2001 and 4000]<br></div></td><td><div><pre>org.openqa.selenium.TimeoutException: Expected condition failed: waiting for element ([[ChromeDriver: chrome on windows (e632e7c8d6ab437a7a604643fba5e0b2)] -&gt; xpath: //*[contains(@class,&apos;SearchResultsLoaderstyles__SearchResultsLoaderContainer&apos;)]]) to become stale (tried for 30 second(s) with 500 milliseconds interval)
	at org.openqa.selenium.support.ui.WebDriverWait.timeoutException(WebDriverWait.java:84)
	at org.openqa.selenium.support.ui.FluentWait.until(FluentWait.java:230)
	at pages.hotels.HotelResultsPage.applyPriceRangeFilter(HotelResultsPage.java:202)
	at allTest.HotelsTest.verifyPriceFilter(HotelsTest.java:187)
	at java.base/java.util.ArrayList.forEach(ArrayList.java:1511)
Caused by: org.openqa.selenium.NoSuchElementException: no such element: No node with given id found
  (Session info: chrome=118.0.5993.71)
For documentation on this error, please visit: https://www.selenium.dev/documentation/webdriver/troubleshooting/errors#no-such-element-exception
Build info: version: &apos;4.11.0&apos;, revision: &apos;040bc5406b&apos;
System info: os.name: &apos;Windows 11&apos;, os.arch: &apos;amd64&apos;, os.version: &apos;10.0&apos;, java.version: &apos;19.0.2&apos;
Driver info: org.openqa.selenium.chrome.ChromeDriver
Command: [e632e7c8d6ab437a7a604643fba5e0b2, isElementEnabled {id=FF3E9C53DECA244269E742F3920CFB02_element_526}]
Capabilities {acceptInsecureCerts: false, browserName: chrome, browserVersion: 118.0.5993.71, chrome: {chromedriverVersion: 118.0.5993.70 (e52f33f30b91..., userDataDir: C:\Windows\SystemTemp\scope...}, fedcm:accounts: true, goog:chromeOptions: {debuggerAddress: localhost:62674}, networkConnectionEnabled: false, pageLoadStrategy: normal, platformName: windows, proxy: Proxy(), se:cdp: ws://localhost:62674/devtoo..., se:cdpVersion: 118.0.5993.71, setWindowRect: true, strictFileInteractability: false, timeouts: {implicit: 0, pageLoad: 300000, script: 30000}, unhandledPromptBehavior: dismiss and notify, webauthn:extension:credBlob: true, webauthn:extension:largeBlob: true, webauthn:extension:minPinLength: true, webauthn:extension:prf: true, webauthn:virtualAuthenticators: true}
Element: [[ChromeDriver: chrome on windows (e632e7c8d6ab437a7a604643fba5e0b2)] -&gt; xpath: //*[contains(@class,&apos;SearchResultsLoaderstyles__SearchResultsLoaderContainer&apos;)]]
Session ID: e632e7c8d6ab437a7a604643fba5e0b2
	at org.openqa.selenium.remote.codec.w3c.W3CHttpResponseCodec.createException(W3CHttpResponseCodec.java:200)
	at org.openqa.selenium.remote.codec.w3c.W3CHttpResponseCodec.decode(W3CHttpResponseCodec.java:133)
	at org.openqa.selenium.remote.codec.w3c.W3CHttpResponseCodec.decode(W3CHttpResponseCodec.java:52)
	at org.openqa.selenium.remote.HttpCommandExecutor.execute(HttpCommandExecutor.java:191)
	at org.openqa.selenium.remote.service.DriverCommandExecutor.invokeExecute(DriverCommandExecutor.java:196)
	at org.openqa.selenium.remote.service.DriverCommandExecutor.execute(DriverCommandExecutor.java:171)
	at org.openqa.selenium.remote.RemoteWebDriver.execute(RemoteWebDriver.java:518)
	at org.openqa.selenium.remote.RemoteWebElement.execute(RemoteWebElement.java:224)
	at org.openqa.selenium.remote.RemoteWebElement.isEnabled(RemoteWebElement.java:182)
	at org.openqa.selenium.support.ui.ExpectedConditions$24.apply(ExpectedConditions.java:686)
	at org.openqa.selenium.support.ui.ExpectedConditions$24.apply(ExpectedConditions.java:681)
	at org.openqa.selenium.support.ui.FluentWait.until(FluentWait.java:205)
	... 28 more
... Removed 28 stack frames</pre></div><a href='#' onClick='toggleBox("stack-trace1282128509", this, "Click to show all stack frames", "Click to hide stack frames")'>Click to show all stack frames</a>
<div class='stack-trace' id='stack-trace1282128509'><pre>org.openqa.selenium.TimeoutException: Expected condition failed: waiting for element ([[ChromeDriver: chrome on windows (e632e7c8d6ab437a7a604643fba5e0b2)] -&gt; xpath: //*[contains(@class,&apos;SearchResultsLoaderstyles__SearchResultsLoaderContainer&apos;)]]) to become stale (tried for 30 second(s) with 500 milliseconds interval)
	at org.openqa.selenium.support.ui.WebDriverWait.timeoutException(WebDriverWait.java:84)
	at org.openqa.selenium.support.ui.FluentWait.until(FluentWait.java:230)
	at pages.hotels.HotelResultsPage.applyPriceRangeFilter(HotelResultsPage.java:202)
	at allTest.HotelsTest.verifyPriceFilter(HotelsTest.java:187)
	at java.base/jdk.internal.reflect.DirectMethodHandleAccessor.invoke(DirectMethodHandleAccessor.java:104)
	at java.base/java.lang.reflect.Method.invoke(Method.java:578)
	at org.testng.internal.invokers.MethodInvocationHelper.invokeMethod(MethodInvocationHelper.java:139)
	at org.testng.internal.invokers.TestInvoker.invokeMethod(TestInvoker.java:664)
	at org.testng.internal.invokers.TestInvoker.invokeTestMethod(TestInvoker.java:227)
	at org.testng.internal.invokers.MethodRunner.runInSequence(MethodRunner.java:50)
	at org.testng.internal.invokers.TestInvoker$MethodInvocationAgent.invoke(TestInvoker.java:957)
	at org.testng.internal.invokers.TestInvoker.invokeTestMethods(TestInvoker.java:200)
	at org.testng.internal.invokers.TestMethodWorker.invokeTestMethods(TestMethodWorker.java:148)
	at org.testng.internal.invokers.TestMethodWorker.run(TestMethodWorker.java:128)
	at java.base/java.util.ArrayList.forEach(ArrayList.java:1511)
	at org.testng.TestRunner.privateRun(TestRunner.java:848)
	at org.testng.TestRunner.run(TestRunner.java:621)
	at org.testng.SuiteRunner.runTest(SuiteRunner.java:443)
	at org.testng.SuiteRunner.runSequentially(SuiteRunner.java:437)
	at org.testng.SuiteRunner.privateRun(SuiteRunner.java:397)
	at org.testng.SuiteRunner.run(SuiteRunner.java:336)
	at org.testng.SuiteRunnerWorker.runSuite(SuiteRunnerWorker.java:52)
	at org.testng.SuiteRunnerWorker.run(SuiteRunnerWorker.java:95)
	at org.testng.TestNG.runSuitesSequentially(TestNG.java:1280)
	at org.testng.TestNG.runSuitesLocally(TestNG.java:1200)
	at org.testng.TestNG.runSuites(TestNG.java:1114)
	at org.testng.TestNG.run(TestNG.java:1082)
	at org.testng.remote.AbstractRemoteTestNG.run(AbstractRemoteTestNG.java:115)
	at org.testng.remote.RemoteTestNG.initAndRun(RemoteTestNG.java:251)
	at org.testng.remote.RemoteTestNG.main(RemoteTestNG.java:77)
Caused by: org.openqa.selenium.NoSuchElementException: no such element: No node with given id found
  (Session info: chrome=118.0.5993.71)
For documentation on this error, please visit: https://www.selenium.dev/documentation/webdriver/troubleshooting/errors#no-such-element-exception
Build info: version: &apos;4.11.0&apos;, revision: &apos;040bc5406b&apos;
System info: os.name: &apos;Windows 11&apos;, os.arch: &apos;amd64&apos;, os.version: &apos;10.0&apos;, java.version: &apos;19.0.2&apos;
Driver info: org.openqa.selenium.chrome.ChromeDriver
Command: [e632e7c8d6ab437a7a604643fba5e0b2, isElementEnabled {id=FF3E9C53DECA244269E742F3920CFB02_element_526}]
Capabilities {acceptInsecureCerts: false, browserName: chrome, browserVersion: 118.0.5993.71, chrome: {chromedriverVersion: 118.0.5993.70 (e52f33f30b91..., userDataDir: C:\Windows\SystemTemp\scope...}, fedcm:accounts: true, goog:chromeOptions: {debuggerAddress: localhost:62674}, networkConnectionEnabled: false, pageLoadStrategy: normal, platformName: windows, proxy: Proxy(), se:cdp: ws://localhost:62674/devtoo..., se:cdpVersion: 118.0.5993.71, setWindowRect: true, strictFileInteractability: false, timeouts: {implicit: 0, pageLoad: 300000, script: 30000}, unhandledPromptBehavior: dismiss and notify, webauthn:extension:credBlob: true, webauthn:extension:largeBlob: true, webauthn:extension:minPinLength: true, webauthn:extension:prf: true, webauthn:virtualAuthenticators: true}
Element: [[ChromeDriver: chrome on windows (e632e7c8d6ab437a7a604643fba5e0b2)] -&gt; xpath: //*[contains(@class,&apos;SearchResultsLoaderstyles__SearchResultsLoaderContainer&apos;)]]
Session ID: e632e7c8d6ab437a7a604643fba5e0b2
	at java.base/jdk.internal.reflect.DirectConstructorHandleAccessor.newInstance(DirectConstructorHandleAccessor.java:67)
	at java.base/java.lang.reflect.Constructor.newInstanceWithCaller(Constructor.java:500)
	at java.base/java.lang.reflect.Constructor.newInstance(Constructor.java:484)
	at org.openqa.selenium.remote.codec.w3c.W3CHttpResponseCodec.createException(W3CHttpResponseCodec.java:200)
	at org.openqa.selenium.remote.codec.w3c.W3CHttpResponseCodec.decode(W3CHttpResponseCodec.java:133)
	at org.openqa.selenium.remote.codec.w3c.W3CHttpResponseCodec.decode(W3CHttpResponseCodec.java:52)
	at org.openqa.selenium.remote.HttpCommandExecutor.execute(HttpCommandExecutor.java:191)
	at org.openqa.selenium.remote.service.DriverCommandExecutor.invokeExecute(DriverCommandExecutor.java:196)
	at org.openqa.selenium.remote.service.DriverCommandExecutor.execute(DriverCommandExecutor.java:171)
	at org.openqa.selenium.remote.RemoteWebDriver.execute(RemoteWebDriver.java:518)
	at org.openqa.selenium.remote.RemoteWebElement.execute(RemoteWebElement.java:224)
	at org.openqa.selenium.remote.RemoteWebElement.isEnabled(RemoteWebElement.java:182)
	at org.openqa.selenium.support.ui.ExpectedConditions$24.apply(ExpectedConditions.java:686)
	at org.openqa.selenium.support.ui.ExpectedConditions$24.apply(ExpectedConditions.java:681)
	at org.openqa.selenium.support.ui.FluentWait.until(FluentWait.java:205)
	... 28 more
</pre></div></td>
<td>31</td>
<td>allTest.HotelsTest@710f4dc7</td></tr>
</table><p>
<table width='100%' border='1' class='invocation-passed'>
<tr><td colspan='4' align='center'><b>PASSED TESTS</b></td></tr>
<tr><td><b>Test method</b></td>
<td><b>Attribute(s)</b></td>
<td width="30%"><b>Exception</b></td>
<td width="10%"><b>Time (seconds)</b></td>
<td><b>Instance</b></td>
</tr>
<tr>
<td title='allTest.HotelsTest.verifySearchCriteria()'><b>verifySearchCriteria</b><br>Test class: allTest.HotelsTest<br>Test method: To verify the hotel search criteria details in the hotel results page</td>
<td>
<a href="#attributes-1570578713" onClick='toggleBox("attributes-1570578713", this, "Show attributes", "Hide attributes");'>Show attributes</a>

<a href="#attributes-1570578713"></a><div class='log' id="attributes-1570578713">
name: passMessage, value:[The details displayed in the hotel results page matches with the details used to search the hotels]<br></div></td><td></td>
<td>0</td>
<td>allTest.HotelsTest@710f4dc7</td></tr>
<tr>
<td title='allTest.HotelsTest.verifySortingOptions()'><b>verifySortingOptions</b><br>Test class: allTest.HotelsTest<br>Test method: To verify the functionality of the sorting options<br>Parameters: Price(Low to High)</td>
<td>
<a href="#attributes-1477856922" onClick='toggleBox("attributes-1477856922", this, "Show attributes", "Hide attributes");'>Show attributes</a>

<a href="#attributes-1477856922"></a><div class='log' id="attributes-1477856922">
name: passMessage, value:[The hotels displayed are sorted correctly]<br></div></td><td></td>
<td>1</td>
<td>allTest.HotelsTest@710f4dc7</td></tr>
<tr>
<td title='allTest.HotelsTest.verify0RoomAdd()'><b>verify0RoomAdd</b><br>Test class: allTest.HotelsTest<br>Test method: To verify if user is able to enter 0 room in the Rooms field</td>
<td>
<a href="#attributes-1410791643" onClick='toggleBox("attributes-1410791643", this, "Show attributes", "Hide attributes");'>Show attributes</a>

<a href="#attributes-1410791643"></a><div class='log' id="attributes-1410791643">
name: passMessage, value:[The alert is displayed and &apos;Minimum 1 is required&apos; message is displayed]<br></div></td><td></td>
<td>0</td>
<td>allTest.HotelsTest@710f4dc7</td></tr>
<tr>
<td title='allTest.HotelsTest.validationOfAdultsField()'><b>validationOfAdultsField</b><br>Test class: allTest.HotelsTest<br>Test method: To verify if user is able to select the required number of adults</td>
<td>
<a href="#attributes-1293940401" onClick='toggleBox("attributes-1293940401", this, "Show attributes", "Hide attributes");'>Show attributes</a>

<a href="#attributes-1293940401"></a><div class='log' id="attributes-1293940401">
name: passMessage, value:[The dropdown menu appears and the selected number of adults is displayed in the field]<br></div></td><td></td>
<td>0</td>
<td>allTest.HotelsTest@710f4dc7</td></tr>
<tr>
<td title='allTest.HotelsTest.verifySortingOptions()'><b>verifySortingOptions</b><br>Test class: allTest.HotelsTest<br>Test method: To verify the functionality of the sorting options<br>Parameters: Customer Ratings</td>
<td>
<a href="#attributes-910572297" onClick='toggleBox("attributes-910572297", this, "Show attributes", "Hide attributes");'>Show attributes</a>

<a href="#attributes-910572297"></a><div class='log' id="attributes-910572297">
name: passMessage, value:[The hotels displayed are sorted correctly]<br></div></td><td></td>
<td>1</td>
<td>allTest.HotelsTest@710f4dc7</td></tr>
<tr>
<td title='allTest.HotelsTest.validationOfDateFields()'><b>validationOfDateFields</b><br>Test class: allTest.HotelsTest<br>Test method: To validate the functionality of date fields to be able select required dates</td>
<td>
<a href="#attributes-1750490055" onClick='toggleBox("attributes-1750490055", this, "Show attributes", "Hide attributes");'>Show attributes</a>

<a href="#attributes-1750490055"></a><div class='log' id="attributes-1750490055">
name: passMessage, value:[The calender box appears and the selected &apos;Check In&apos; and &apos;Check Out&apos; dates is displayed in the respective fields]<br></div></td><td></td>
<td>0</td>
<td>allTest.HotelsTest@710f4dc7</td></tr>
<tr>
<td title='allTest.HotelsTest.validationOfRadioButtons()'><b>validationOfRadioButtons</b><br>Test class: allTest.HotelsTest<br>Test method: To validate the working of radio buttons</td>
<td>
<a href="#attributes-1881218549" onClick='toggleBox("attributes-1881218549", this, "Show attributes", "Hide attributes");'>Show attributes</a>

<a href="#attributes-1881218549"></a><div class='log' id="attributes-1881218549">
name: passMessage, value:[India radio button is selected]<br></div></td><td></td>
<td>0</td>
<td>allTest.HotelsTest@710f4dc7</td></tr>
<tr>
<td title='allTest.HotelsTest.navigateToHotelsPage()'><b>navigateToHotelsPage</b><br>Test class: allTest.HotelsTest<br>Test method: To validate if 'Hotel' menu button is displayed and clickable</td>
<td>
<a href="#attributes-249109901" onClick='toggleBox("attributes-249109901", this, "Show attributes", "Hide attributes");'>Show attributes</a>

<a href="#attributes-249109901"></a><div class='log' id="attributes-249109901">
name: passMessage, value:[User is redirected to Hotels web page]<br></div></td><td></td>
<td>2</td>
<td>allTest.HotelsTest@710f4dc7</td></tr>
<tr>
<td title='allTest.HotelsTest.verify0AdultAdd()'><b>verify0AdultAdd</b><br>Test class: allTest.HotelsTest<br>Test method: To verify if user is able to enter 0 adult in the Adults field</td>
<td>
<a href="#attributes-1250950517" onClick='toggleBox("attributes-1250950517", this, "Show attributes", "Hide attributes");'>Show attributes</a>

<a href="#attributes-1250950517"></a><div class='log' id="attributes-1250950517">
name: passMessage, value:[The alert is displayed and &apos;Minimum 1 adult is required&apos; message is displayed]<br></div></td><td></td>
<td>0</td>
<td>allTest.HotelsTest@710f4dc7</td></tr>
<tr>
<td title='allTest.HotelsTest.validationOfRoomsField()'><b>validationOfRoomsField</b><br>Test class: allTest.HotelsTest<br>Test method: To verify if user is able to select the required number of rooms</td>
<td>
<a href="#attributes-397052433" onClick='toggleBox("attributes-397052433", this, "Show attributes", "Hide attributes");'>Show attributes</a>

<a href="#attributes-397052433"></a><div class='log' id="attributes-397052433">
name: passMessage, value:[The dropdown menu appears and the selected number of rooms is displayed in the field]<br></div></td><td></td>
<td>0</td>
<td>allTest.HotelsTest@710f4dc7</td></tr>
<tr>
<td title='allTest.HotelsTest.validationOfWhereSearchfield()'><b>validationOfWhereSearchfield</b><br>Test class: allTest.HotelsTest<br>Test method: To validate the functionality of 'Where' search box to be able to take input and is able to select the required location</td>
<td>
<a href="#attributes-2070703728" onClick='toggleBox("attributes-2070703728", this, "Show attributes", "Hide attributes");'>Show attributes</a>

<a href="#attributes-2070703728"></a><div class='log' id="attributes-2070703728">
name: passMessage, value:[A dropdown is displayed showing locations in Goa and the chosen location is displayed in the &apos;Where&apos; field]<br></div></td><td></td>
<td>0</td>
<td>allTest.HotelsTest@710f4dc7</td></tr>
<tr>
<td title='allTest.HotelsTest.validationOfChildrenField()'><b>validationOfChildrenField</b><br>Test class: allTest.HotelsTest<br>Test method: To verify if user is able to select the required number of children and should be able to select the age for each of the children added</td>
<td>
<a href="#attributes-431097582" onClick='toggleBox("attributes-431097582", this, "Show attributes", "Hide attributes");'>Show attributes</a>

<a href="#attributes-431097582"></a><div class='log' id="attributes-431097582">
name: passMessage, value:[The dropdown menu appears and the selected number of children is added and the age is able to gets selected for each of them]<br></div></td><td></td>
<td>0</td>
<td>allTest.HotelsTest@710f4dc7</td></tr>
<tr>
<td title='allTest.HotelsTest.validationOfSearchField()'><b>validationOfSearchField</b><br>Test class: allTest.HotelsTest<br>Test method: To validate the functionality of Search button</td>
<td>
<a href="#attributes-302905744" onClick='toggleBox("attributes-302905744", this, "Show attributes", "Hide attributes");'>Show attributes</a>

<a href="#attributes-302905744"></a><div class='log' id="attributes-302905744">
name: passMessage, value:[User is redirected to hotels list webpage]<br></div></td><td></td>
<td>30</td>
<td>allTest.HotelsTest@710f4dc7</td></tr>
<tr>
<td title='allTest.HotelsTest.verifySortingOptions()'><b>verifySortingOptions</b><br>Test class: allTest.HotelsTest<br>Test method: To verify the functionality of the sorting options<br>Parameters: Price(High to Low)</td>
<td>
<a href="#attributes-2135059933" onClick='toggleBox("attributes-2135059933", this, "Show attributes", "Hide attributes");'>Show attributes</a>

<a href="#attributes-2135059933"></a><div class='log' id="attributes-2135059933">
name: passMessage, value:[The hotels displayed are sorted correctly]<br></div></td><td></td>
<td>1</td>
<td>allTest.HotelsTest@710f4dc7</td></tr>
</table><p>
<table width='100%' border='1' class='invocation-skipped'>
<tr><td colspan='4' align='center'><b>SKIPPED TESTS</b></td></tr>
<tr><td><b>Test method</b></td>
<td><b>Attribute(s)</b></td>
<td width="30%"><b>Exception</b></td>
<td width="10%"><b>Time (seconds)</b></td>
<td><b>Instance</b></td>
</tr>
<tr>
<td title='allTest.HotelsTest.verifyPriceSummary()'><b>verifyPriceSummary</b><br>Test class: allTest.HotelsTest<br>Test method: To verify the displayed information of price summary</td>
<td>
<a href="#attributes-109978855" onClick='toggleBox("attributes-109978855", this, "Show attributes", "Hide attributes");'>Show attributes</a>

<a href="#attributes-109978855"></a><div class='log' id="attributes-109978855">
name: passMessage, value:[The price summary is correct based on the data displayed in the Room Booking page]<br></div></td><td><div><pre>java.lang.Throwable: Method allTest.HotelsTest.verifyPriceSummary() on instance allTest.HotelsTest@710f4dc7 depends on not successfully finished methods 
[allTest.HotelsTest.verifyOfferCodeSelection() on instance allTest.HotelsTest@710f4dc7]
	at java.base/java.util.ArrayList.forEach(ArrayList.java:1511)
... Removed 18 stack frames</pre></div><a href='#' onClick='toggleBox("stack-trace109978855", this, "Click to show all stack frames", "Click to hide stack frames")'>Click to show all stack frames</a>
<div class='stack-trace' id='stack-trace109978855'><pre>java.lang.Throwable: Method allTest.HotelsTest.verifyPriceSummary() on instance allTest.HotelsTest@710f4dc7 depends on not successfully finished methods 
[allTest.HotelsTest.verifyOfferCodeSelection() on instance allTest.HotelsTest@710f4dc7]
	at org.testng.internal.invokers.TestInvoker.invokeTestMethods(TestInvoker.java:156)
	at org.testng.internal.invokers.TestMethodWorker.invokeTestMethods(TestMethodWorker.java:148)
	at org.testng.internal.invokers.TestMethodWorker.run(TestMethodWorker.java:128)
	at java.base/java.util.ArrayList.forEach(ArrayList.java:1511)
	at org.testng.TestRunner.privateRun(TestRunner.java:848)
	at org.testng.TestRunner.run(TestRunner.java:621)
	at org.testng.SuiteRunner.runTest(SuiteRunner.java:443)
	at org.testng.SuiteRunner.runSequentially(SuiteRunner.java:437)
	at org.testng.SuiteRunner.privateRun(SuiteRunner.java:397)
	at org.testng.SuiteRunner.run(SuiteRunner.java:336)
	at org.testng.SuiteRunnerWorker.runSuite(SuiteRunnerWorker.java:52)
	at org.testng.SuiteRunnerWorker.run(SuiteRunnerWorker.java:95)
	at org.testng.TestNG.runSuitesSequentially(TestNG.java:1280)
	at org.testng.TestNG.runSuitesLocally(TestNG.java:1200)
	at org.testng.TestNG.runSuites(TestNG.java:1114)
	at org.testng.TestNG.run(TestNG.java:1082)
	at org.testng.remote.AbstractRemoteTestNG.run(AbstractRemoteTestNG.java:115)
	at org.testng.remote.RemoteTestNG.initAndRun(RemoteTestNG.java:251)
	at org.testng.remote.RemoteTestNG.main(RemoteTestNG.java:77)
</pre></div></td>
<td>0</td>
<td>allTest.HotelsTest@710f4dc7</td></tr>
<tr>
<td title='allTest.HotelsTest.verifyCardDetailsFields()'><b>verifyCardDetailsFields</b><br>Test class: allTest.HotelsTest<br>Test method: To verify if user is able to enter credit card details</td>
<td>
<a href="#attributes-203829039" onClick='toggleBox("attributes-203829039", this, "Show attributes", "Hide attributes");'>Show attributes</a>

<a href="#attributes-203829039"></a><div class='log' id="attributes-203829039">
name: passMessage, value:[User is able to enter all required details]<br></div></td><td><div><pre>java.lang.Throwable: Method allTest.HotelsTest.verifyCardDetailsFields() on instance allTest.HotelsTest@710f4dc7 depends on not successfully finished methods 
[allTest.HotelsTest.verifyCardPaymentOption() on instance allTest.HotelsTest@710f4dc7]
	at java.base/java.util.ArrayList.forEach(ArrayList.java:1511)
... Removed 18 stack frames</pre></div><a href='#' onClick='toggleBox("stack-trace203829039", this, "Click to show all stack frames", "Click to hide stack frames")'>Click to show all stack frames</a>
<div class='stack-trace' id='stack-trace203829039'><pre>java.lang.Throwable: Method allTest.HotelsTest.verifyCardDetailsFields() on instance allTest.HotelsTest@710f4dc7 depends on not successfully finished methods 
[allTest.HotelsTest.verifyCardPaymentOption() on instance allTest.HotelsTest@710f4dc7]
	at org.testng.internal.invokers.TestInvoker.invokeTestMethods(TestInvoker.java:156)
	at org.testng.internal.invokers.TestMethodWorker.invokeTestMethods(TestMethodWorker.java:148)
	at org.testng.internal.invokers.TestMethodWorker.run(TestMethodWorker.java:128)
	at java.base/java.util.ArrayList.forEach(ArrayList.java:1511)
	at org.testng.TestRunner.privateRun(TestRunner.java:848)
	at org.testng.TestRunner.run(TestRunner.java:621)
	at org.testng.SuiteRunner.runTest(SuiteRunner.java:443)
	at org.testng.SuiteRunner.runSequentially(SuiteRunner.java:437)
	at org.testng.SuiteRunner.privateRun(SuiteRunner.java:397)
	at org.testng.SuiteRunner.run(SuiteRunner.java:336)
	at org.testng.SuiteRunnerWorker.runSuite(SuiteRunnerWorker.java:52)
	at org.testng.SuiteRunnerWorker.run(SuiteRunnerWorker.java:95)
	at org.testng.TestNG.runSuitesSequentially(TestNG.java:1280)
	at org.testng.TestNG.runSuitesLocally(TestNG.java:1200)
	at org.testng.TestNG.runSuites(TestNG.java:1114)
	at org.testng.TestNG.run(TestNG.java:1082)
	at org.testng.remote.AbstractRemoteTestNG.run(AbstractRemoteTestNG.java:115)
	at org.testng.remote.RemoteTestNG.initAndRun(RemoteTestNG.java:251)
	at org.testng.remote.RemoteTestNG.main(RemoteTestNG.java:77)
</pre></div></td>
<td>0</td>
<td>allTest.HotelsTest@710f4dc7</td></tr>
<tr>
<td title='allTest.HotelsTest.verifyRoomOptionsSelection()'><b>verifyRoomOptionsSelection</b><br>Test class: allTest.HotelsTest<br>Test method: To verify if user is view the availble room options and is able to book the required room option</td>
<td>
<a href="#attributes-1472659178" onClick='toggleBox("attributes-1472659178", this, "Show attributes", "Hide attributes");'>Show attributes</a>

<a href="#attributes-1472659178"></a><div class='log' id="attributes-1472659178">
name: passMessage, value:[User is redirected to Room Info webpage]<br></div></td><td><div><pre>java.lang.Throwable: Method allTest.HotelsTest.verifyRoomOptionsSelection() on instance allTest.HotelsTest@710f4dc7 depends on not successfully finished methods 
[allTest.HotelsTest.verifyHotelSelection() on instance allTest.HotelsTest@710f4dc7]
	at java.base/java.util.ArrayList.forEach(ArrayList.java:1511)
... Removed 18 stack frames</pre></div><a href='#' onClick='toggleBox("stack-trace1472659178", this, "Click to show all stack frames", "Click to hide stack frames")'>Click to show all stack frames</a>
<div class='stack-trace' id='stack-trace1472659178'><pre>java.lang.Throwable: Method allTest.HotelsTest.verifyRoomOptionsSelection() on instance allTest.HotelsTest@710f4dc7 depends on not successfully finished methods 
[allTest.HotelsTest.verifyHotelSelection() on instance allTest.HotelsTest@710f4dc7]
	at org.testng.internal.invokers.TestInvoker.invokeTestMethods(TestInvoker.java:156)
	at org.testng.internal.invokers.TestMethodWorker.invokeTestMethods(TestMethodWorker.java:148)
	at org.testng.internal.invokers.TestMethodWorker.run(TestMethodWorker.java:128)
	at java.base/java.util.ArrayList.forEach(ArrayList.java:1511)
	at org.testng.TestRunner.privateRun(TestRunner.java:848)
	at org.testng.TestRunner.run(TestRunner.java:621)
	at org.testng.SuiteRunner.runTest(SuiteRunner.java:443)
	at org.testng.SuiteRunner.runSequentially(SuiteRunner.java:437)
	at org.testng.SuiteRunner.privateRun(SuiteRunner.java:397)
	at org.testng.SuiteRunner.run(SuiteRunner.java:336)
	at org.testng.SuiteRunnerWorker.runSuite(SuiteRunnerWorker.java:52)
	at org.testng.SuiteRunnerWorker.run(SuiteRunnerWorker.java:95)
	at org.testng.TestNG.runSuitesSequentially(TestNG.java:1280)
	at org.testng.TestNG.runSuitesLocally(TestNG.java:1200)
	at org.testng.TestNG.runSuites(TestNG.java:1114)
	at org.testng.TestNG.run(TestNG.java:1082)
	at org.testng.remote.AbstractRemoteTestNG.run(AbstractRemoteTestNG.java:115)
	at org.testng.remote.RemoteTestNG.initAndRun(RemoteTestNG.java:251)
	at org.testng.remote.RemoteTestNG.main(RemoteTestNG.java:77)
</pre></div></td>
<td>0</td>
<td>allTest.HotelsTest@710f4dc7</td></tr>
<tr>
<td title='allTest.HotelsTest.validateSearchCriteria()'><b>validateSearchCriteria</b><br>Test class: allTest.HotelsTest<br>Test method: To verify the search criteria details on the hotel info page</td>
<td>
<a href="#attributes-969407243" onClick='toggleBox("attributes-969407243", this, "Show attributes", "Hide attributes");'>Show attributes</a>

<a href="#attributes-969407243"></a><div class='log' id="attributes-969407243">
name: passMessage, value:[The search criteria displayed matches with the search criteria used for the searching the hotel]<br></div></td><td><div><pre>java.lang.Throwable: Method allTest.HotelsTest.validateSearchCriteria() on instance allTest.HotelsTest@710f4dc7 depends on not successfully finished methods 
[allTest.HotelsTest.verifyRoomOptionsSelection() on instance allTest.HotelsTest@710f4dc7]
	at java.base/java.util.ArrayList.forEach(ArrayList.java:1511)
... Removed 18 stack frames</pre></div><a href='#' onClick='toggleBox("stack-trace969407243", this, "Click to show all stack frames", "Click to hide stack frames")'>Click to show all stack frames</a>
<div class='stack-trace' id='stack-trace969407243'><pre>java.lang.Throwable: Method allTest.HotelsTest.validateSearchCriteria() on instance allTest.HotelsTest@710f4dc7 depends on not successfully finished methods 
[allTest.HotelsTest.verifyRoomOptionsSelection() on instance allTest.HotelsTest@710f4dc7]
	at org.testng.internal.invokers.TestInvoker.invokeTestMethods(TestInvoker.java:156)
	at org.testng.internal.invokers.TestMethodWorker.invokeTestMethods(TestMethodWorker.java:148)
	at org.testng.internal.invokers.TestMethodWorker.run(TestMethodWorker.java:128)
	at java.base/java.util.ArrayList.forEach(ArrayList.java:1511)
	at org.testng.TestRunner.privateRun(TestRunner.java:848)
	at org.testng.TestRunner.run(TestRunner.java:621)
	at org.testng.SuiteRunner.runTest(SuiteRunner.java:443)
	at org.testng.SuiteRunner.runSequentially(SuiteRunner.java:437)
	at org.testng.SuiteRunner.privateRun(SuiteRunner.java:397)
	at org.testng.SuiteRunner.run(SuiteRunner.java:336)
	at org.testng.SuiteRunnerWorker.runSuite(SuiteRunnerWorker.java:52)
	at org.testng.SuiteRunnerWorker.run(SuiteRunnerWorker.java:95)
	at org.testng.TestNG.runSuitesSequentially(TestNG.java:1280)
	at org.testng.TestNG.runSuitesLocally(TestNG.java:1200)
	at org.testng.TestNG.runSuites(TestNG.java:1114)
	at org.testng.TestNG.run(TestNG.java:1082)
	at org.testng.remote.AbstractRemoteTestNG.run(AbstractRemoteTestNG.java:115)
	at org.testng.remote.RemoteTestNG.initAndRun(RemoteTestNG.java:251)
	at org.testng.remote.RemoteTestNG.main(RemoteTestNG.java:77)
</pre></div></td>
<td>0</td>
<td>allTest.HotelsTest@710f4dc7</td></tr>
<tr>
<td title='allTest.HotelsTest.verifyCardPaymentOption()'><b>verifyCardPaymentOption</b><br>Test class: allTest.HotelsTest<br>Test method: To verify if user is able to choose 'Credit/Debit/ATM Card' option</td>
<td>
<a href="#attributes-814647201" onClick='toggleBox("attributes-814647201", this, "Show attributes", "Hide attributes");'>Show attributes</a>

<a href="#attributes-814647201"></a><div class='log' id="attributes-814647201">
name: passMessage, value:[Enter card details message is displayed]<br></div></td><td><div><pre>java.lang.Throwable: Method allTest.HotelsTest.verifyCardPaymentOption() on instance allTest.HotelsTest@710f4dc7 depends on not successfully finished methods 
[allTest.HotelsTest.verifyDetailsOnPaymentGateway() on instance allTest.HotelsTest@710f4dc7]
	at java.base/java.util.ArrayList.forEach(ArrayList.java:1511)
... Removed 18 stack frames</pre></div><a href='#' onClick='toggleBox("stack-trace814647201", this, "Click to show all stack frames", "Click to hide stack frames")'>Click to show all stack frames</a>
<div class='stack-trace' id='stack-trace814647201'><pre>java.lang.Throwable: Method allTest.HotelsTest.verifyCardPaymentOption() on instance allTest.HotelsTest@710f4dc7 depends on not successfully finished methods 
[allTest.HotelsTest.verifyDetailsOnPaymentGateway() on instance allTest.HotelsTest@710f4dc7]
	at org.testng.internal.invokers.TestInvoker.invokeTestMethods(TestInvoker.java:156)
	at org.testng.internal.invokers.TestMethodWorker.invokeTestMethods(TestMethodWorker.java:148)
	at org.testng.internal.invokers.TestMethodWorker.run(TestMethodWorker.java:128)
	at java.base/java.util.ArrayList.forEach(ArrayList.java:1511)
	at org.testng.TestRunner.privateRun(TestRunner.java:848)
	at org.testng.TestRunner.run(TestRunner.java:621)
	at org.testng.SuiteRunner.runTest(SuiteRunner.java:443)
	at org.testng.SuiteRunner.runSequentially(SuiteRunner.java:437)
	at org.testng.SuiteRunner.privateRun(SuiteRunner.java:397)
	at org.testng.SuiteRunner.run(SuiteRunner.java:336)
	at org.testng.SuiteRunnerWorker.runSuite(SuiteRunnerWorker.java:52)
	at org.testng.SuiteRunnerWorker.run(SuiteRunnerWorker.java:95)
	at org.testng.TestNG.runSuitesSequentially(TestNG.java:1280)
	at org.testng.TestNG.runSuitesLocally(TestNG.java:1200)
	at org.testng.TestNG.runSuites(TestNG.java:1114)
	at org.testng.TestNG.run(TestNG.java:1082)
	at org.testng.remote.AbstractRemoteTestNG.run(AbstractRemoteTestNG.java:115)
	at org.testng.remote.RemoteTestNG.initAndRun(RemoteTestNG.java:251)
	at org.testng.remote.RemoteTestNG.main(RemoteTestNG.java:77)
</pre></div></td>
<td>0</td>
<td>allTest.HotelsTest@710f4dc7</td></tr>
<tr>
<td title='allTest.HotelsTest.verifyRequiredFields()'><b>verifyRequiredFields</b><br>Test class: allTest.HotelsTest<br>Test method: To verify if user is able to fill all the required guest details</td>
<td>
<a href="#attributes-1789759900" onClick='toggleBox("attributes-1789759900", this, "Show attributes", "Hide attributes");'>Show attributes</a>

<a href="#attributes-1789759900"></a><div class='log' id="attributes-1789759900">
name: passMessage, value:[User is able to fill details in the required fields]<br></div></td><td><div><pre>java.lang.Throwable: Method allTest.HotelsTest.verifyRequiredFields() on instance allTest.HotelsTest@710f4dc7 depends on not successfully finished methods 
[allTest.HotelsTest.verifyPriceSummary() on instance allTest.HotelsTest@710f4dc7]
	at java.base/java.util.ArrayList.forEach(ArrayList.java:1511)
... Removed 18 stack frames</pre></div><a href='#' onClick='toggleBox("stack-trace1789759900", this, "Click to show all stack frames", "Click to hide stack frames")'>Click to show all stack frames</a>
<div class='stack-trace' id='stack-trace1789759900'><pre>java.lang.Throwable: Method allTest.HotelsTest.verifyRequiredFields() on instance allTest.HotelsTest@710f4dc7 depends on not successfully finished methods 
[allTest.HotelsTest.verifyPriceSummary() on instance allTest.HotelsTest@710f4dc7]
	at org.testng.internal.invokers.TestInvoker.invokeTestMethods(TestInvoker.java:156)
	at org.testng.internal.invokers.TestMethodWorker.invokeTestMethods(TestMethodWorker.java:148)
	at org.testng.internal.invokers.TestMethodWorker.run(TestMethodWorker.java:128)
	at java.base/java.util.ArrayList.forEach(ArrayList.java:1511)
	at org.testng.TestRunner.privateRun(TestRunner.java:848)
	at org.testng.TestRunner.run(TestRunner.java:621)
	at org.testng.SuiteRunner.runTest(SuiteRunner.java:443)
	at org.testng.SuiteRunner.runSequentially(SuiteRunner.java:437)
	at org.testng.SuiteRunner.privateRun(SuiteRunner.java:397)
	at org.testng.SuiteRunner.run(SuiteRunner.java:336)
	at org.testng.SuiteRunnerWorker.runSuite(SuiteRunnerWorker.java:52)
	at org.testng.SuiteRunnerWorker.run(SuiteRunnerWorker.java:95)
	at org.testng.TestNG.runSuitesSequentially(TestNG.java:1280)
	at org.testng.TestNG.runSuitesLocally(TestNG.java:1200)
	at org.testng.TestNG.runSuites(TestNG.java:1114)
	at org.testng.TestNG.run(TestNG.java:1082)
	at org.testng.remote.AbstractRemoteTestNG.run(AbstractRemoteTestNG.java:115)
	at org.testng.remote.RemoteTestNG.initAndRun(RemoteTestNG.java:251)
	at org.testng.remote.RemoteTestNG.main(RemoteTestNG.java:77)
</pre></div></td>
<td>0</td>
<td>allTest.HotelsTest@710f4dc7</td></tr>
<tr>
<td title='allTest.HotelsTest.verifyDetailsOnPaymentGateway()'><b>verifyDetailsOnPaymentGateway</b><br>Test class: allTest.HotelsTest<br>Test method: To verify the details on the Payment Gateway page</td>
<td>
<a href="#attributes-841681370" onClick='toggleBox("attributes-841681370", this, "Show attributes", "Hide attributes");'>Show attributes</a>

<a href="#attributes-841681370"></a><div class='log' id="attributes-841681370">
name: passMessage, value:[All the details displayed is correct]<br></div></td><td><div><pre>java.lang.Throwable: Method allTest.HotelsTest.verifyDetailsOnPaymentGateway() on instance allTest.HotelsTest@710f4dc7 depends on not successfully finished methods 
[allTest.HotelsTest.verifyPaymentButton() on instance allTest.HotelsTest@710f4dc7]
	at java.base/java.util.ArrayList.forEach(ArrayList.java:1511)
... Removed 18 stack frames</pre></div><a href='#' onClick='toggleBox("stack-trace841681370", this, "Click to show all stack frames", "Click to hide stack frames")'>Click to show all stack frames</a>
<div class='stack-trace' id='stack-trace841681370'><pre>java.lang.Throwable: Method allTest.HotelsTest.verifyDetailsOnPaymentGateway() on instance allTest.HotelsTest@710f4dc7 depends on not successfully finished methods 
[allTest.HotelsTest.verifyPaymentButton() on instance allTest.HotelsTest@710f4dc7]
	at org.testng.internal.invokers.TestInvoker.invokeTestMethods(TestInvoker.java:156)
	at org.testng.internal.invokers.TestMethodWorker.invokeTestMethods(TestMethodWorker.java:148)
	at org.testng.internal.invokers.TestMethodWorker.run(TestMethodWorker.java:128)
	at java.base/java.util.ArrayList.forEach(ArrayList.java:1511)
	at org.testng.TestRunner.privateRun(TestRunner.java:848)
	at org.testng.TestRunner.run(TestRunner.java:621)
	at org.testng.SuiteRunner.runTest(SuiteRunner.java:443)
	at org.testng.SuiteRunner.runSequentially(SuiteRunner.java:437)
	at org.testng.SuiteRunner.privateRun(SuiteRunner.java:397)
	at org.testng.SuiteRunner.run(SuiteRunner.java:336)
	at org.testng.SuiteRunnerWorker.runSuite(SuiteRunnerWorker.java:52)
	at org.testng.SuiteRunnerWorker.run(SuiteRunnerWorker.java:95)
	at org.testng.TestNG.runSuitesSequentially(TestNG.java:1280)
	at org.testng.TestNG.runSuitesLocally(TestNG.java:1200)
	at org.testng.TestNG.runSuites(TestNG.java:1114)
	at org.testng.TestNG.run(TestNG.java:1082)
	at org.testng.remote.AbstractRemoteTestNG.run(AbstractRemoteTestNG.java:115)
	at org.testng.remote.RemoteTestNG.initAndRun(RemoteTestNG.java:251)
	at org.testng.remote.RemoteTestNG.main(RemoteTestNG.java:77)
</pre></div></td>
<td>0</td>
<td>allTest.HotelsTest@710f4dc7</td></tr>
<tr>
<td title='allTest.HotelsTest.verifyOfferCodeSelection()'><b>verifyOfferCodeSelection</b><br>Test class: allTest.HotelsTest<br>Test method: To verify if the offer code gets selected and gets applied in the price summary</td>
<td>
<a href="#attributes-76306072" onClick='toggleBox("attributes-76306072", this, "Show attributes", "Hide attributes");'>Show attributes</a>

<a href="#attributes-76306072"></a><div class='log' id="attributes-76306072">
name: passMessage, value:[The selected offer code gets selected and highlighted and the offer code is applied in the price summary]<br></div></td><td><div><pre>java.lang.Throwable: Method allTest.HotelsTest.verifyOfferCodeSelection() on instance allTest.HotelsTest@710f4dc7 depends on not successfully finished methods 
[allTest.HotelsTest.validateSearchCriteria() on instance allTest.HotelsTest@710f4dc7]
	at java.base/java.util.ArrayList.forEach(ArrayList.java:1511)
... Removed 18 stack frames</pre></div><a href='#' onClick='toggleBox("stack-trace76306072", this, "Click to show all stack frames", "Click to hide stack frames")'>Click to show all stack frames</a>
<div class='stack-trace' id='stack-trace76306072'><pre>java.lang.Throwable: Method allTest.HotelsTest.verifyOfferCodeSelection() on instance allTest.HotelsTest@710f4dc7 depends on not successfully finished methods 
[allTest.HotelsTest.validateSearchCriteria() on instance allTest.HotelsTest@710f4dc7]
	at org.testng.internal.invokers.TestInvoker.invokeTestMethods(TestInvoker.java:156)
	at org.testng.internal.invokers.TestMethodWorker.invokeTestMethods(TestMethodWorker.java:148)
	at org.testng.internal.invokers.TestMethodWorker.run(TestMethodWorker.java:128)
	at java.base/java.util.ArrayList.forEach(ArrayList.java:1511)
	at org.testng.TestRunner.privateRun(TestRunner.java:848)
	at org.testng.TestRunner.run(TestRunner.java:621)
	at org.testng.SuiteRunner.runTest(SuiteRunner.java:443)
	at org.testng.SuiteRunner.runSequentially(SuiteRunner.java:437)
	at org.testng.SuiteRunner.privateRun(SuiteRunner.java:397)
	at org.testng.SuiteRunner.run(SuiteRunner.java:336)
	at org.testng.SuiteRunnerWorker.runSuite(SuiteRunnerWorker.java:52)
	at org.testng.SuiteRunnerWorker.run(SuiteRunnerWorker.java:95)
	at org.testng.TestNG.runSuitesSequentially(TestNG.java:1280)
	at org.testng.TestNG.runSuitesLocally(TestNG.java:1200)
	at org.testng.TestNG.runSuites(TestNG.java:1114)
	at org.testng.TestNG.run(TestNG.java:1082)
	at org.testng.remote.AbstractRemoteTestNG.run(AbstractRemoteTestNG.java:115)
	at org.testng.remote.RemoteTestNG.initAndRun(RemoteTestNG.java:251)
	at org.testng.remote.RemoteTestNG.main(RemoteTestNG.java:77)
</pre></div></td>
<td>0</td>
<td>allTest.HotelsTest@710f4dc7</td></tr>
<tr>
<td title='allTest.HotelsTest.verifyPayWithoutSavingCardButton()'><b>verifyPayWithoutSavingCardButton</b><br>Test class: allTest.HotelsTest<br>Test method: To verify functionality of 'Pay without saving card' option</td>
<td>
<a href="#attributes-286559682" onClick='toggleBox("attributes-286559682", this, "Show attributes", "Hide attributes");'>Show attributes</a>

<a href="#attributes-286559682"></a><div class='log' id="attributes-286559682">
name: passMessage, value:[Error message is displayed as &apos;We are unable to process transactions for this user/card&apos;]<br></div></td><td><div><pre>java.lang.Throwable: Method allTest.HotelsTest.verifyPayWithoutSavingCardButton() on instance allTest.HotelsTest@710f4dc7 depends on not successfully finished methods 
[allTest.HotelsTest.verifyCardDetailsFields() on instance allTest.HotelsTest@710f4dc7]
	at java.base/java.util.ArrayList.forEach(ArrayList.java:1511)
... Removed 18 stack frames</pre></div><a href='#' onClick='toggleBox("stack-trace286559682", this, "Click to show all stack frames", "Click to hide stack frames")'>Click to show all stack frames</a>
<div class='stack-trace' id='stack-trace286559682'><pre>java.lang.Throwable: Method allTest.HotelsTest.verifyPayWithoutSavingCardButton() on instance allTest.HotelsTest@710f4dc7 depends on not successfully finished methods 
[allTest.HotelsTest.verifyCardDetailsFields() on instance allTest.HotelsTest@710f4dc7]
	at org.testng.internal.invokers.TestInvoker.invokeTestMethods(TestInvoker.java:156)
	at org.testng.internal.invokers.TestMethodWorker.invokeTestMethods(TestMethodWorker.java:148)
	at org.testng.internal.invokers.TestMethodWorker.run(TestMethodWorker.java:128)
	at java.base/java.util.ArrayList.forEach(ArrayList.java:1511)
	at org.testng.TestRunner.privateRun(TestRunner.java:848)
	at org.testng.TestRunner.run(TestRunner.java:621)
	at org.testng.SuiteRunner.runTest(SuiteRunner.java:443)
	at org.testng.SuiteRunner.runSequentially(SuiteRunner.java:437)
	at org.testng.SuiteRunner.privateRun(SuiteRunner.java:397)
	at org.testng.SuiteRunner.run(SuiteRunner.java:336)
	at org.testng.SuiteRunnerWorker.runSuite(SuiteRunnerWorker.java:52)
	at org.testng.SuiteRunnerWorker.run(SuiteRunnerWorker.java:95)
	at org.testng.TestNG.runSuitesSequentially(TestNG.java:1280)
	at org.testng.TestNG.runSuitesLocally(TestNG.java:1200)
	at org.testng.TestNG.runSuites(TestNG.java:1114)
	at org.testng.TestNG.run(TestNG.java:1082)
	at org.testng.remote.AbstractRemoteTestNG.run(AbstractRemoteTestNG.java:115)
	at org.testng.remote.RemoteTestNG.initAndRun(RemoteTestNG.java:251)
	at org.testng.remote.RemoteTestNG.main(RemoteTestNG.java:77)
</pre></div></td>
<td>0</td>
<td>allTest.HotelsTest@710f4dc7</td></tr>
<tr>
<td title='allTest.HotelsTest.verifyCustomerRatingFilter()'><b>verifyCustomerRatingFilter</b><br>Test class: allTest.HotelsTest<br>Test method: To verify the functionality of Rating filters</td>
<td>
<a href="#attributes-974559308" onClick='toggleBox("attributes-974559308", this, "Show attributes", "Hide attributes");'>Show attributes</a>

<a href="#attributes-974559308"></a><div class='log' id="attributes-974559308">
name: passMessage, value:[The hotel results shows the hotels having rating above 4]<br></div></td><td><div><pre>java.lang.Throwable: Method allTest.HotelsTest.verifyCustomerRatingFilter() on instance allTest.HotelsTest@710f4dc7 depends on not successfully finished methods 
[allTest.HotelsTest.verifyPriceFilter() on instance allTest.HotelsTest@710f4dc7]
	at java.base/java.util.ArrayList.forEach(ArrayList.java:1511)
... Removed 18 stack frames</pre></div><a href='#' onClick='toggleBox("stack-trace974559308", this, "Click to show all stack frames", "Click to hide stack frames")'>Click to show all stack frames</a>
<div class='stack-trace' id='stack-trace974559308'><pre>java.lang.Throwable: Method allTest.HotelsTest.verifyCustomerRatingFilter() on instance allTest.HotelsTest@710f4dc7 depends on not successfully finished methods 
[allTest.HotelsTest.verifyPriceFilter() on instance allTest.HotelsTest@710f4dc7]
	at org.testng.internal.invokers.TestInvoker.invokeTestMethods(TestInvoker.java:156)
	at org.testng.internal.invokers.TestMethodWorker.invokeTestMethods(TestMethodWorker.java:148)
	at org.testng.internal.invokers.TestMethodWorker.run(TestMethodWorker.java:128)
	at java.base/java.util.ArrayList.forEach(ArrayList.java:1511)
	at org.testng.TestRunner.privateRun(TestRunner.java:848)
	at org.testng.TestRunner.run(TestRunner.java:621)
	at org.testng.SuiteRunner.runTest(SuiteRunner.java:443)
	at org.testng.SuiteRunner.runSequentially(SuiteRunner.java:437)
	at org.testng.SuiteRunner.privateRun(SuiteRunner.java:397)
	at org.testng.SuiteRunner.run(SuiteRunner.java:336)
	at org.testng.SuiteRunnerWorker.runSuite(SuiteRunnerWorker.java:52)
	at org.testng.SuiteRunnerWorker.run(SuiteRunnerWorker.java:95)
	at org.testng.TestNG.runSuitesSequentially(TestNG.java:1280)
	at org.testng.TestNG.runSuitesLocally(TestNG.java:1200)
	at org.testng.TestNG.runSuites(TestNG.java:1114)
	at org.testng.TestNG.run(TestNG.java:1082)
	at org.testng.remote.AbstractRemoteTestNG.run(AbstractRemoteTestNG.java:115)
	at org.testng.remote.RemoteTestNG.initAndRun(RemoteTestNG.java:251)
	at org.testng.remote.RemoteTestNG.main(RemoteTestNG.java:77)
</pre></div></td>
<td>0</td>
<td>allTest.HotelsTest@710f4dc7</td></tr>
<tr>
<td title='allTest.HotelsTest.verifyPaymentButton()'><b>verifyPaymentButton</b><br>Test class: allTest.HotelsTest<br>Test method: To verify the functionality of 'Proceed To Payment Options' button</td>
<td>
<a href="#attributes-555390535" onClick='toggleBox("attributes-555390535", this, "Show attributes", "Hide attributes");'>Show attributes</a>

<a href="#attributes-555390535"></a><div class='log' id="attributes-555390535">
name: passMessage, value:[User is redirected to payment gateway to complete the payment]<br></div></td><td><div><pre>java.lang.Throwable: Method allTest.HotelsTest.verifyPaymentButton() on instance allTest.HotelsTest@710f4dc7 depends on not successfully finished methods 
[allTest.HotelsTest.verifyRequiredFields() on instance allTest.HotelsTest@710f4dc7]
	at java.base/java.util.ArrayList.forEach(ArrayList.java:1511)
... Removed 18 stack frames</pre></div><a href='#' onClick='toggleBox("stack-trace555390535", this, "Click to show all stack frames", "Click to hide stack frames")'>Click to show all stack frames</a>
<div class='stack-trace' id='stack-trace555390535'><pre>java.lang.Throwable: Method allTest.HotelsTest.verifyPaymentButton() on instance allTest.HotelsTest@710f4dc7 depends on not successfully finished methods 
[allTest.HotelsTest.verifyRequiredFields() on instance allTest.HotelsTest@710f4dc7]
	at org.testng.internal.invokers.TestInvoker.invokeTestMethods(TestInvoker.java:156)
	at org.testng.internal.invokers.TestMethodWorker.invokeTestMethods(TestMethodWorker.java:148)
	at org.testng.internal.invokers.TestMethodWorker.run(TestMethodWorker.java:128)
	at java.base/java.util.ArrayList.forEach(ArrayList.java:1511)
	at org.testng.TestRunner.privateRun(TestRunner.java:848)
	at org.testng.TestRunner.run(TestRunner.java:621)
	at org.testng.SuiteRunner.runTest(SuiteRunner.java:443)
	at org.testng.SuiteRunner.runSequentially(SuiteRunner.java:437)
	at org.testng.SuiteRunner.privateRun(SuiteRunner.java:397)
	at org.testng.SuiteRunner.run(SuiteRunner.java:336)
	at org.testng.SuiteRunnerWorker.runSuite(SuiteRunnerWorker.java:52)
	at org.testng.SuiteRunnerWorker.run(SuiteRunnerWorker.java:95)
	at org.testng.TestNG.runSuitesSequentially(TestNG.java:1280)
	at org.testng.TestNG.runSuitesLocally(TestNG.java:1200)
	at org.testng.TestNG.runSuites(TestNG.java:1114)
	at org.testng.TestNG.run(TestNG.java:1082)
	at org.testng.remote.AbstractRemoteTestNG.run(AbstractRemoteTestNG.java:115)
	at org.testng.remote.RemoteTestNG.initAndRun(RemoteTestNG.java:251)
	at org.testng.remote.RemoteTestNG.main(RemoteTestNG.java:77)
</pre></div></td>
<td>0</td>
<td>allTest.HotelsTest@710f4dc7</td></tr>
<tr>
<td title='allTest.HotelsTest.verifyHotelSelection()'><b>verifyHotelSelection</b><br>Test class: allTest.HotelsTest<br>Test method: To verify if user is able to select hotel and is redirected to room booking page</td>
<td>
<a href="#attributes-1785536499" onClick='toggleBox("attributes-1785536499", this, "Show attributes", "Hide attributes");'>Show attributes</a>

<a href="#attributes-1785536499"></a><div class='log' id="attributes-1785536499">
name: passMessage, value:[User is redirected to that specific hotel webpage to choose room type]<br></div></td><td><div><pre>java.lang.Throwable: Method allTest.HotelsTest.verifyHotelSelection() on instance allTest.HotelsTest@710f4dc7 depends on not successfully finished methods 
[allTest.HotelsTest.verifyCustomerRatingFilter() on instance allTest.HotelsTest@710f4dc7]
	at java.base/java.util.ArrayList.forEach(ArrayList.java:1511)
... Removed 18 stack frames</pre></div><a href='#' onClick='toggleBox("stack-trace1785536499", this, "Click to show all stack frames", "Click to hide stack frames")'>Click to show all stack frames</a>
<div class='stack-trace' id='stack-trace1785536499'><pre>java.lang.Throwable: Method allTest.HotelsTest.verifyHotelSelection() on instance allTest.HotelsTest@710f4dc7 depends on not successfully finished methods 
[allTest.HotelsTest.verifyCustomerRatingFilter() on instance allTest.HotelsTest@710f4dc7]
	at org.testng.internal.invokers.TestInvoker.invokeTestMethods(TestInvoker.java:156)
	at org.testng.internal.invokers.TestMethodWorker.invokeTestMethods(TestMethodWorker.java:148)
	at org.testng.internal.invokers.TestMethodWorker.run(TestMethodWorker.java:128)
	at java.base/java.util.ArrayList.forEach(ArrayList.java:1511)
	at org.testng.TestRunner.privateRun(TestRunner.java:848)
	at org.testng.TestRunner.run(TestRunner.java:621)
	at org.testng.SuiteRunner.runTest(SuiteRunner.java:443)
	at org.testng.SuiteRunner.runSequentially(SuiteRunner.java:437)
	at org.testng.SuiteRunner.privateRun(SuiteRunner.java:397)
	at org.testng.SuiteRunner.run(SuiteRunner.java:336)
	at org.testng.SuiteRunnerWorker.runSuite(SuiteRunnerWorker.java:52)
	at org.testng.SuiteRunnerWorker.run(SuiteRunnerWorker.java:95)
	at org.testng.TestNG.runSuitesSequentially(TestNG.java:1280)
	at org.testng.TestNG.runSuitesLocally(TestNG.java:1200)
	at org.testng.TestNG.runSuites(TestNG.java:1114)
	at org.testng.TestNG.run(TestNG.java:1082)
	at org.testng.remote.AbstractRemoteTestNG.run(AbstractRemoteTestNG.java:115)
	at org.testng.remote.RemoteTestNG.initAndRun(RemoteTestNG.java:251)
	at org.testng.remote.RemoteTestNG.main(RemoteTestNG.java:77)
</pre></div></td>
<td>0</td>
<td>allTest.HotelsTest@710f4dc7</td></tr>
</table><p>
</body>
</html>