<html>
<head>
<title>TestNG:  Test3</title>
<link href="../testng.css" rel="stylesheet" type="text/css" />
<link href="../my-testng.css" rel="stylesheet" type="text/css" />

<style type="text/css">
.log { display: none;} 
.stack-trace { display: none;} 
</style>
<script type="text/javascript">
<!--
function flip(e) {
  current = e.style.display;
  if (current == 'block') {
    e.style.display = 'none';
    return 0;
  }
  else {
    e.style.display = 'block';
    return 1;
  }
}

function toggleBox(szDivId, elem, msg1, msg2)
{
  var res = -1;  if (document.getElementById) {
    res = flip(document.getElementById(szDivId));
  }
  else if (document.all) {
    // this is the way old msie versions work
    res = flip(document.all[szDivId]);
  }
  if(elem) {
    if(res == 0) elem.innerHTML = msg1; else elem.innerHTML = msg2;
  }

}

function toggleAllBoxes() {
  if (document.getElementsByTagName) {
    d = document.getElementsByTagName('div');
    for (i = 0; i < d.length; i++) {
      if (d[i].className == 'log') {
        flip(d[i]);
      }
    }
  }
}

// -->
</script>

</head>
<body>
<h2 align='center'>Test3</h2><table border='1' align="center">
<tr>
<td>Tests passed/Failed/Skipped:</td><td>0/1/17</td>
</tr><tr>
<td>Started on:</td><td>Wed Jan 17 11:55:29 IST 2024</td>
</tr>
<tr><td>Total time:</td><td>2 seconds (2950 ms)</td>
</tr><tr>
<td>Included groups:</td><td></td>
</tr><tr>
<td>Excluded groups:</td><td></td>
</tr>
</table><p/>
<small><i>(Hover the method name to see the test class name)</i></small><p/>
<table width='100%' border='1' class='invocation-failed'>
<tr><td colspan='4' align='center'><b>FAILED TESTS</b></td></tr>
<tr><td><b>Test method</b></td>
<td><b>Attribute(s)</b></td>
<td width="30%"><b>Exception</b></td>
<td width="10%"><b>Time (seconds)</b></td>
<td><b>Instance</b></td>
</tr>
<tr>
<td title='allTest.FlightTest.navigateToFLightsPage()'><b>navigateToFLightsPage</b><br>Test class: allTest.FlightTest<br>Test method: To validate if Flight menu button is diaplyed and is clickable</td>
<td>
<a href="#attributes-1703254852" onClick='toggleBox("attributes-1703254852", this, "Show attributes", "Hide attributes");'>Show attributes</a>

<a href="#attributes-1703254852"></a><div class='log' id="attributes-1703254852">
name: passMessage, value:[User is redirected to flight booking page]<br></div></td><td><div><pre>org.openqa.selenium.NoSuchWindowException: no such window: target window already closed
from unknown error: web view not found
  (Session info: chrome=118.0.5993.71)
Build info: version: &apos;4.11.0&apos;, revision: &apos;040bc5406b&apos;
System info: os.name: &apos;Windows 11&apos;, os.arch: &apos;amd64&apos;, os.version: &apos;10.0&apos;, java.version: &apos;19.0.2&apos;
Driver info: org.openqa.selenium.chrome.ChromeDriver
Command: [42266116524b4919eb32c1334b9ba177, findElement {using=xpath, value=//*[@class=&apos;logSprite icClose&apos;]}]
Capabilities {acceptInsecureCerts: false, browserName: chrome, browserVersion: 118.0.5993.71, chrome: {chromedriverVersion: 118.0.5993.70 (e52f33f30b91..., userDataDir: C:\Windows\SystemTemp\scope...}, fedcm:accounts: true, goog:chromeOptions: {debuggerAddress: localhost:57584}, networkConnectionEnabled: false, pageLoadStrategy: normal, platformName: windows, proxy: Proxy(), se:cdp: ws://localhost:57584/devtoo..., se:cdpVersion: 118.0.5993.71, setWindowRect: true, strictFileInteractability: false, timeouts: {implicit: 0, pageLoad: 300000, script: 30000}, unhandledPromptBehavior: dismiss and notify, webauthn:extension:credBlob: true, webauthn:extension:largeBlob: true, webauthn:extension:minPinLength: true, webauthn:extension:prf: true, webauthn:virtualAuthenticators: true}
Session ID: 42266116524b4919eb32c1334b9ba177
	at org.openqa.selenium.remote.codec.w3c.W3CHttpResponseCodec.createException(W3CHttpResponseCodec.java:200)
	at org.openqa.selenium.remote.codec.w3c.W3CHttpResponseCodec.decode(W3CHttpResponseCodec.java:133)
	at org.openqa.selenium.remote.codec.w3c.W3CHttpResponseCodec.decode(W3CHttpResponseCodec.java:52)
	at org.openqa.selenium.remote.HttpCommandExecutor.execute(HttpCommandExecutor.java:191)
	at org.openqa.selenium.remote.service.DriverCommandExecutor.invokeExecute(DriverCommandExecutor.java:196)
	at org.openqa.selenium.remote.service.DriverCommandExecutor.execute(DriverCommandExecutor.java:171)
	at org.openqa.selenium.remote.RemoteWebDriver.execute(RemoteWebDriver.java:518)
	at org.openqa.selenium.remote.ElementLocation$ElementFinder$2.findElement(ElementLocation.java:165)
	at org.openqa.selenium.remote.ElementLocation.findElement(ElementLocation.java:59)
	at org.openqa.selenium.remote.RemoteWebDriver.findElement(RemoteWebDriver.java:355)
	at org.openqa.selenium.remote.RemoteWebDriver.findElement(RemoteWebDriver.java:349)
	at pages.Homepage.closeSigninPopup(Homepage.java:127)
	at allTest.FlightTest.navigateToFLightsPage(FlightTest.java:30)
	at java.base/java.util.ArrayList.forEach(ArrayList.java:1511)
... Removed 28 stack frames</pre></div><a href='#' onClick='toggleBox("stack-trace1703254852", this, "Click to show all stack frames", "Click to hide stack frames")'>Click to show all stack frames</a>
<div class='stack-trace' id='stack-trace1703254852'><pre>org.openqa.selenium.NoSuchWindowException: no such window: target window already closed
from unknown error: web view not found
  (Session info: chrome=118.0.5993.71)
Build info: version: &apos;4.11.0&apos;, revision: &apos;040bc5406b&apos;
System info: os.name: &apos;Windows 11&apos;, os.arch: &apos;amd64&apos;, os.version: &apos;10.0&apos;, java.version: &apos;19.0.2&apos;
Driver info: org.openqa.selenium.chrome.ChromeDriver
Command: [42266116524b4919eb32c1334b9ba177, findElement {using=xpath, value=//*[@class=&apos;logSprite icClose&apos;]}]
Capabilities {acceptInsecureCerts: false, browserName: chrome, browserVersion: 118.0.5993.71, chrome: {chromedriverVersion: 118.0.5993.70 (e52f33f30b91..., userDataDir: C:\Windows\SystemTemp\scope...}, fedcm:accounts: true, goog:chromeOptions: {debuggerAddress: localhost:57584}, networkConnectionEnabled: false, pageLoadStrategy: normal, platformName: windows, proxy: Proxy(), se:cdp: ws://localhost:57584/devtoo..., se:cdpVersion: 118.0.5993.71, setWindowRect: true, strictFileInteractability: false, timeouts: {implicit: 0, pageLoad: 300000, script: 30000}, unhandledPromptBehavior: dismiss and notify, webauthn:extension:credBlob: true, webauthn:extension:largeBlob: true, webauthn:extension:minPinLength: true, webauthn:extension:prf: true, webauthn:virtualAuthenticators: true}
Session ID: 42266116524b4919eb32c1334b9ba177
	at java.base/jdk.internal.reflect.DirectConstructorHandleAccessor.newInstance(DirectConstructorHandleAccessor.java:67)
	at java.base/java.lang.reflect.Constructor.newInstanceWithCaller(Constructor.java:500)
	at java.base/java.lang.reflect.Constructor.newInstance(Constructor.java:484)
	at org.openqa.selenium.remote.codec.w3c.W3CHttpResponseCodec.createException(W3CHttpResponseCodec.java:200)
	at org.openqa.selenium.remote.codec.w3c.W3CHttpResponseCodec.decode(W3CHttpResponseCodec.java:133)
	at org.openqa.selenium.remote.codec.w3c.W3CHttpResponseCodec.decode(W3CHttpResponseCodec.java:52)
	at org.openqa.selenium.remote.HttpCommandExecutor.execute(HttpCommandExecutor.java:191)
	at org.openqa.selenium.remote.service.DriverCommandExecutor.invokeExecute(DriverCommandExecutor.java:196)
	at org.openqa.selenium.remote.service.DriverCommandExecutor.execute(DriverCommandExecutor.java:171)
	at org.openqa.selenium.remote.RemoteWebDriver.execute(RemoteWebDriver.java:518)
	at org.openqa.selenium.remote.ElementLocation$ElementFinder$2.findElement(ElementLocation.java:165)
	at org.openqa.selenium.remote.ElementLocation.findElement(ElementLocation.java:59)
	at org.openqa.selenium.remote.RemoteWebDriver.findElement(RemoteWebDriver.java:355)
	at org.openqa.selenium.remote.RemoteWebDriver.findElement(RemoteWebDriver.java:349)
	at pages.Homepage.closeSigninPopup(Homepage.java:127)
	at allTest.FlightTest.navigateToFLightsPage(FlightTest.java:30)
	at java.base/jdk.internal.reflect.DirectMethodHandleAccessor.invoke(DirectMethodHandleAccessor.java:104)
	at java.base/java.lang.reflect.Method.invoke(Method.java:578)
	at org.testng.internal.invokers.MethodInvocationHelper.invokeMethod(MethodInvocationHelper.java:139)
	at org.testng.internal.invokers.TestInvoker.invokeMethod(TestInvoker.java:664)
	at org.testng.internal.invokers.TestInvoker.invokeTestMethod(TestInvoker.java:227)
	at org.testng.internal.invokers.MethodRunner.runInSequence(MethodRunner.java:50)
	at org.testng.internal.invokers.TestInvoker$MethodInvocationAgent.invoke(TestInvoker.java:957)
	at org.testng.internal.invokers.TestInvoker.invokeTestMethods(TestInvoker.java:200)
	at org.testng.internal.invokers.TestMethodWorker.invokeTestMethods(TestMethodWorker.java:148)
	at org.testng.internal.invokers.TestMethodWorker.run(TestMethodWorker.java:128)
	at java.base/java.util.ArrayList.forEach(ArrayList.java:1511)
	at org.testng.TestRunner.privateRun(TestRunner.java:848)
	at org.testng.TestRunner.run(TestRunner.java:621)
	at org.testng.SuiteRunner.runTest(SuiteRunner.java:443)
	at org.testng.SuiteRunner.runSequentially(SuiteRunner.java:437)
	at org.testng.SuiteRunner.privateRun(SuiteRunner.java:397)
	at org.testng.SuiteRunner.run(SuiteRunner.java:336)
	at org.testng.SuiteRunnerWorker.runSuite(SuiteRunnerWorker.java:52)
	at org.testng.SuiteRunnerWorker.run(SuiteRunnerWorker.java:95)
	at org.testng.TestNG.runSuitesSequentially(TestNG.java:1280)
	at org.testng.TestNG.runSuitesLocally(TestNG.java:1200)
	at org.testng.TestNG.runSuites(TestNG.java:1114)
	at org.testng.TestNG.run(TestNG.java:1082)
	at org.testng.remote.AbstractRemoteTestNG.run(AbstractRemoteTestNG.java:115)
	at org.testng.remote.RemoteTestNG.initAndRun(RemoteTestNG.java:251)
	at org.testng.remote.RemoteTestNG.main(RemoteTestNG.java:77)
</pre></div></td>
<td>0</td>
<td>allTest.FlightTest@58ea606c</td></tr>
</table><p>
<table width='100%' border='1' class='invocation-skipped'>
<tr><td colspan='4' align='center'><b>SKIPPED TESTS</b></td></tr>
<tr><td><b>Test method</b></td>
<td><b>Attribute(s)</b></td>
<td width="30%"><b>Exception</b></td>
<td width="10%"><b>Time (seconds)</b></td>
<td><b>Instance</b></td>
</tr>
<tr>
<td title='allTest.FlightTest.enterPassengerDetails()'><b>enterPassengerDetails</b><br>Test class: allTest.FlightTest<br>Test method: To verify user is able to fill passenger details </td>
<td>
<a href="#attributes-961178923" onClick='toggleBox("attributes-961178923", this, "Show attributes", "Hide attributes");'>Show attributes</a>

<a href="#attributes-961178923"></a><div class='log' id="attributes-961178923">
name: passMessage, value:[An error message is displayed stating &apos;Card number is not valid&apos;]<br></div></td><td><div><pre>java.lang.Throwable: Method allTest.FlightTest.enterPassengerDetails() on instance allTest.FlightTest@58ea606c depends on not successfully finished methods 
[allTest.FlightTest.verifyFlightDetails() on instance allTest.FlightTest@58ea606c]
	at java.base/java.util.ArrayList.forEach(ArrayList.java:1511)
... Removed 18 stack frames</pre></div><a href='#' onClick='toggleBox("stack-trace961178923", this, "Click to show all stack frames", "Click to hide stack frames")'>Click to show all stack frames</a>
<div class='stack-trace' id='stack-trace961178923'><pre>java.lang.Throwable: Method allTest.FlightTest.enterPassengerDetails() on instance allTest.FlightTest@58ea606c depends on not successfully finished methods 
[allTest.FlightTest.verifyFlightDetails() on instance allTest.FlightTest@58ea606c]
	at org.testng.internal.invokers.TestInvoker.invokeTestMethods(TestInvoker.java:156)
	at org.testng.internal.invokers.TestMethodWorker.invokeTestMethods(TestMethodWorker.java:148)
	at org.testng.internal.invokers.TestMethodWorker.run(TestMethodWorker.java:128)
	at java.base/java.util.ArrayList.forEach(ArrayList.java:1511)
	at org.testng.TestRunner.privateRun(TestRunner.java:848)
	at org.testng.TestRunner.run(TestRunner.java:621)
	at org.testng.SuiteRunner.runTest(SuiteRunner.java:443)
	at org.testng.SuiteRunner.runSequentially(SuiteRunner.java:437)
	at org.testng.SuiteRunner.privateRun(SuiteRunner.java:397)
	at org.testng.SuiteRunner.run(SuiteRunner.java:336)
	at org.testng.SuiteRunnerWorker.runSuite(SuiteRunnerWorker.java:52)
	at org.testng.SuiteRunnerWorker.run(SuiteRunnerWorker.java:95)
	at org.testng.TestNG.runSuitesSequentially(TestNG.java:1280)
	at org.testng.TestNG.runSuitesLocally(TestNG.java:1200)
	at org.testng.TestNG.runSuites(TestNG.java:1114)
	at org.testng.TestNG.run(TestNG.java:1082)
	at org.testng.remote.AbstractRemoteTestNG.run(AbstractRemoteTestNG.java:115)
	at org.testng.remote.RemoteTestNG.initAndRun(RemoteTestNG.java:251)
	at org.testng.remote.RemoteTestNG.main(RemoteTestNG.java:77)
</pre></div></td>
<td>0</td>
<td>allTest.FlightTest@58ea606c</td></tr>
<tr>
<td title='allTest.FlightTest.verifyCardPaymentOption()'><b>verifyCardPaymentOption</b><br>Test class: allTest.FlightTest<br>Test method: To verify if user is able to choose 'Credit/Debit/ATM Card' option</td>
<td>
<a href="#attributes-2136793918" onClick='toggleBox("attributes-2136793918", this, "Show attributes", "Hide attributes");'>Show attributes</a>

<a href="#attributes-2136793918"></a><div class='log' id="attributes-2136793918">
name: passMessage, value:[User is redirected to flight booking page]<br></div></td><td><div><pre>java.lang.Throwable: Method allTest.FlightTest.verifyCardPaymentOption() on instance allTest.FlightTest@58ea606c depends on not successfully finished methods 
[allTest.FlightTest.verifyPassengerDetails() on instance allTest.FlightTest@58ea606c]
	at java.base/java.util.ArrayList.forEach(ArrayList.java:1511)
... Removed 18 stack frames</pre></div><a href='#' onClick='toggleBox("stack-trace2136793918", this, "Click to show all stack frames", "Click to hide stack frames")'>Click to show all stack frames</a>
<div class='stack-trace' id='stack-trace2136793918'><pre>java.lang.Throwable: Method allTest.FlightTest.verifyCardPaymentOption() on instance allTest.FlightTest@58ea606c depends on not successfully finished methods 
[allTest.FlightTest.verifyPassengerDetails() on instance allTest.FlightTest@58ea606c]
	at org.testng.internal.invokers.TestInvoker.invokeTestMethods(TestInvoker.java:156)
	at org.testng.internal.invokers.TestMethodWorker.invokeTestMethods(TestMethodWorker.java:148)
	at org.testng.internal.invokers.TestMethodWorker.run(TestMethodWorker.java:128)
	at java.base/java.util.ArrayList.forEach(ArrayList.java:1511)
	at org.testng.TestRunner.privateRun(TestRunner.java:848)
	at org.testng.TestRunner.run(TestRunner.java:621)
	at org.testng.SuiteRunner.runTest(SuiteRunner.java:443)
	at org.testng.SuiteRunner.runSequentially(SuiteRunner.java:437)
	at org.testng.SuiteRunner.privateRun(SuiteRunner.java:397)
	at org.testng.SuiteRunner.run(SuiteRunner.java:336)
	at org.testng.SuiteRunnerWorker.runSuite(SuiteRunnerWorker.java:52)
	at org.testng.SuiteRunnerWorker.run(SuiteRunnerWorker.java:95)
	at org.testng.TestNG.runSuitesSequentially(TestNG.java:1280)
	at org.testng.TestNG.runSuitesLocally(TestNG.java:1200)
	at org.testng.TestNG.runSuites(TestNG.java:1114)
	at org.testng.TestNG.run(TestNG.java:1082)
	at org.testng.remote.AbstractRemoteTestNG.run(AbstractRemoteTestNG.java:115)
	at org.testng.remote.RemoteTestNG.initAndRun(RemoteTestNG.java:251)
	at org.testng.remote.RemoteTestNG.main(RemoteTestNG.java:77)
</pre></div></td>
<td>0</td>
<td>allTest.FlightTest@58ea606c</td></tr>
<tr>
<td title='allTest.FlightTest.verifyToTextBox()'><b>verifyToTextBox</b><br>Test class: allTest.FlightTest<br>Test method: To validate To textbox is enabled</td>
<td>
<a href="#attributes-73404487" onClick='toggleBox("attributes-73404487", this, "Show attributes", "Hide attributes");'>Show attributes</a>

<a href="#attributes-73404487"></a><div class='log' id="attributes-73404487">
name: passMessage, value:[A drop drown is displayed showing the city names list]<br></div></td><td><div><pre>java.lang.Throwable: Method allTest.FlightTest.verifyToTextBox() on instance allTest.FlightTest@58ea606c depends on not successfully finished methods 
[allTest.FlightTest.verifyOriginCity() on instance allTest.FlightTest@58ea606c]
	at java.base/java.util.ArrayList.forEach(ArrayList.java:1511)
... Removed 18 stack frames</pre></div><a href='#' onClick='toggleBox("stack-trace73404487", this, "Click to show all stack frames", "Click to hide stack frames")'>Click to show all stack frames</a>
<div class='stack-trace' id='stack-trace73404487'><pre>java.lang.Throwable: Method allTest.FlightTest.verifyToTextBox() on instance allTest.FlightTest@58ea606c depends on not successfully finished methods 
[allTest.FlightTest.verifyOriginCity() on instance allTest.FlightTest@58ea606c]
	at org.testng.internal.invokers.TestInvoker.invokeTestMethods(TestInvoker.java:156)
	at org.testng.internal.invokers.TestMethodWorker.invokeTestMethods(TestMethodWorker.java:148)
	at org.testng.internal.invokers.TestMethodWorker.run(TestMethodWorker.java:128)
	at java.base/java.util.ArrayList.forEach(ArrayList.java:1511)
	at org.testng.TestRunner.privateRun(TestRunner.java:848)
	at org.testng.TestRunner.run(TestRunner.java:621)
	at org.testng.SuiteRunner.runTest(SuiteRunner.java:443)
	at org.testng.SuiteRunner.runSequentially(SuiteRunner.java:437)
	at org.testng.SuiteRunner.privateRun(SuiteRunner.java:397)
	at org.testng.SuiteRunner.run(SuiteRunner.java:336)
	at org.testng.SuiteRunnerWorker.runSuite(SuiteRunnerWorker.java:52)
	at org.testng.SuiteRunnerWorker.run(SuiteRunnerWorker.java:95)
	at org.testng.TestNG.runSuitesSequentially(TestNG.java:1280)
	at org.testng.TestNG.runSuitesLocally(TestNG.java:1200)
	at org.testng.TestNG.runSuites(TestNG.java:1114)
	at org.testng.TestNG.run(TestNG.java:1082)
	at org.testng.remote.AbstractRemoteTestNG.run(AbstractRemoteTestNG.java:115)
	at org.testng.remote.RemoteTestNG.initAndRun(RemoteTestNG.java:251)
	at org.testng.remote.RemoteTestNG.main(RemoteTestNG.java:77)
</pre></div></td>
<td>0</td>
<td>allTest.FlightTest@58ea606c</td></tr>
<tr>
<td title='allTest.FlightTest.verifyBookBtn()'><b>verifyBookBtn</b><br>Test class: allTest.FlightTest<br>Test method: To verify the functionality of "Book now" button after user click on cheapest price flight</td>
<td>
<a href="#attributes-488063551" onClick='toggleBox("attributes-488063551", this, "Show attributes", "Hide attributes");'>Show attributes</a>

<a href="#attributes-488063551"></a><div class='log' id="attributes-488063551">
name: passMessage, value:[The flight details is displayed]<br></div></td><td><div><pre>java.lang.Throwable: Method allTest.FlightTest.verifyBookBtn() on instance allTest.FlightTest@58ea606c depends on not successfully finished methods 
[allTest.FlightTest.verifyPriceFilter() on instance allTest.FlightTest@58ea606c]
	at java.base/java.util.ArrayList.forEach(ArrayList.java:1511)
... Removed 18 stack frames</pre></div><a href='#' onClick='toggleBox("stack-trace488063551", this, "Click to show all stack frames", "Click to hide stack frames")'>Click to show all stack frames</a>
<div class='stack-trace' id='stack-trace488063551'><pre>java.lang.Throwable: Method allTest.FlightTest.verifyBookBtn() on instance allTest.FlightTest@58ea606c depends on not successfully finished methods 
[allTest.FlightTest.verifyPriceFilter() on instance allTest.FlightTest@58ea606c]
	at org.testng.internal.invokers.TestInvoker.invokeTestMethods(TestInvoker.java:156)
	at org.testng.internal.invokers.TestMethodWorker.invokeTestMethods(TestMethodWorker.java:148)
	at org.testng.internal.invokers.TestMethodWorker.run(TestMethodWorker.java:128)
	at java.base/java.util.ArrayList.forEach(ArrayList.java:1511)
	at org.testng.TestRunner.privateRun(TestRunner.java:848)
	at org.testng.TestRunner.run(TestRunner.java:621)
	at org.testng.SuiteRunner.runTest(SuiteRunner.java:443)
	at org.testng.SuiteRunner.runSequentially(SuiteRunner.java:437)
	at org.testng.SuiteRunner.privateRun(SuiteRunner.java:397)
	at org.testng.SuiteRunner.run(SuiteRunner.java:336)
	at org.testng.SuiteRunnerWorker.runSuite(SuiteRunnerWorker.java:52)
	at org.testng.SuiteRunnerWorker.run(SuiteRunnerWorker.java:95)
	at org.testng.TestNG.runSuitesSequentially(TestNG.java:1280)
	at org.testng.TestNG.runSuitesLocally(TestNG.java:1200)
	at org.testng.TestNG.runSuites(TestNG.java:1114)
	at org.testng.TestNG.run(TestNG.java:1082)
	at org.testng.remote.AbstractRemoteTestNG.run(AbstractRemoteTestNG.java:115)
	at org.testng.remote.RemoteTestNG.initAndRun(RemoteTestNG.java:251)
	at org.testng.remote.RemoteTestNG.main(RemoteTestNG.java:77)
</pre></div></td>
<td>0</td>
<td>allTest.FlightTest@58ea606c</td></tr>
<tr>
<td title='allTest.FlightTest.verifyOriginCity()'><b>verifyOriginCity</b><br>Test class: allTest.FlightTest<br>Test method: To verify if user is able to click Bengaluru from city dropdown list</td>
<td>
<a href="#attributes-2115555031" onClick='toggleBox("attributes-2115555031", this, "Show attributes", "Hide attributes");'>Show attributes</a>

<a href="#attributes-2115555031"></a><div class='log' id="attributes-2115555031">
name: passMessage, value:[The option is clicked]<br></div></td><td><div><pre>java.lang.Throwable: Method allTest.FlightTest.verifyOriginCity() on instance allTest.FlightTest@58ea606c depends on not successfully finished methods 
[allTest.FlightTest.verifyFromTextBox() on instance allTest.FlightTest@58ea606c]
	at java.base/java.util.ArrayList.forEach(ArrayList.java:1511)
... Removed 18 stack frames</pre></div><a href='#' onClick='toggleBox("stack-trace2115555031", this, "Click to show all stack frames", "Click to hide stack frames")'>Click to show all stack frames</a>
<div class='stack-trace' id='stack-trace2115555031'><pre>java.lang.Throwable: Method allTest.FlightTest.verifyOriginCity() on instance allTest.FlightTest@58ea606c depends on not successfully finished methods 
[allTest.FlightTest.verifyFromTextBox() on instance allTest.FlightTest@58ea606c]
	at org.testng.internal.invokers.TestInvoker.invokeTestMethods(TestInvoker.java:156)
	at org.testng.internal.invokers.TestMethodWorker.invokeTestMethods(TestMethodWorker.java:148)
	at org.testng.internal.invokers.TestMethodWorker.run(TestMethodWorker.java:128)
	at java.base/java.util.ArrayList.forEach(ArrayList.java:1511)
	at org.testng.TestRunner.privateRun(TestRunner.java:848)
	at org.testng.TestRunner.run(TestRunner.java:621)
	at org.testng.SuiteRunner.runTest(SuiteRunner.java:443)
	at org.testng.SuiteRunner.runSequentially(SuiteRunner.java:437)
	at org.testng.SuiteRunner.privateRun(SuiteRunner.java:397)
	at org.testng.SuiteRunner.run(SuiteRunner.java:336)
	at org.testng.SuiteRunnerWorker.runSuite(SuiteRunnerWorker.java:52)
	at org.testng.SuiteRunnerWorker.run(SuiteRunnerWorker.java:95)
	at org.testng.TestNG.runSuitesSequentially(TestNG.java:1280)
	at org.testng.TestNG.runSuitesLocally(TestNG.java:1200)
	at org.testng.TestNG.runSuites(TestNG.java:1114)
	at org.testng.TestNG.run(TestNG.java:1082)
	at org.testng.remote.AbstractRemoteTestNG.run(AbstractRemoteTestNG.java:115)
	at org.testng.remote.RemoteTestNG.initAndRun(RemoteTestNG.java:251)
	at org.testng.remote.RemoteTestNG.main(RemoteTestNG.java:77)
</pre></div></td>
<td>0</td>
<td>allTest.FlightTest@58ea606c</td></tr>
<tr>
<td title='allTest.FlightTest.verifyDateBtn()'><b>verifyDateBtn</b><br>Test class: allTest.FlightTest<br>Test method: To verify Departure date button is clickable</td>
<td>
<a href="#attributes-1421940560" onClick='toggleBox("attributes-1421940560", this, "Show attributes", "Hide attributes");'>Show attributes</a>

<a href="#attributes-1421940560"></a><div class='log' id="attributes-1421940560">
name: passMessage, value:[A drop down calendar is displayed with showing the prices of flights for each day]<br></div></td><td><div><pre>java.lang.Throwable: Method allTest.FlightTest.verifyDateBtn() on instance allTest.FlightTest@58ea606c depends on not successfully finished methods 
[allTest.FlightTest.verifyDestinationCity() on instance allTest.FlightTest@58ea606c]
	at java.base/java.util.ArrayList.forEach(ArrayList.java:1511)
... Removed 18 stack frames</pre></div><a href='#' onClick='toggleBox("stack-trace1421940560", this, "Click to show all stack frames", "Click to hide stack frames")'>Click to show all stack frames</a>
<div class='stack-trace' id='stack-trace1421940560'><pre>java.lang.Throwable: Method allTest.FlightTest.verifyDateBtn() on instance allTest.FlightTest@58ea606c depends on not successfully finished methods 
[allTest.FlightTest.verifyDestinationCity() on instance allTest.FlightTest@58ea606c]
	at org.testng.internal.invokers.TestInvoker.invokeTestMethods(TestInvoker.java:156)
	at org.testng.internal.invokers.TestMethodWorker.invokeTestMethods(TestMethodWorker.java:148)
	at org.testng.internal.invokers.TestMethodWorker.run(TestMethodWorker.java:128)
	at java.base/java.util.ArrayList.forEach(ArrayList.java:1511)
	at org.testng.TestRunner.privateRun(TestRunner.java:848)
	at org.testng.TestRunner.run(TestRunner.java:621)
	at org.testng.SuiteRunner.runTest(SuiteRunner.java:443)
	at org.testng.SuiteRunner.runSequentially(SuiteRunner.java:437)
	at org.testng.SuiteRunner.privateRun(SuiteRunner.java:397)
	at org.testng.SuiteRunner.run(SuiteRunner.java:336)
	at org.testng.SuiteRunnerWorker.runSuite(SuiteRunnerWorker.java:52)
	at org.testng.SuiteRunnerWorker.run(SuiteRunnerWorker.java:95)
	at org.testng.TestNG.runSuitesSequentially(TestNG.java:1280)
	at org.testng.TestNG.runSuitesLocally(TestNG.java:1200)
	at org.testng.TestNG.runSuites(TestNG.java:1114)
	at org.testng.TestNG.run(TestNG.java:1082)
	at org.testng.remote.AbstractRemoteTestNG.run(AbstractRemoteTestNG.java:115)
	at org.testng.remote.RemoteTestNG.initAndRun(RemoteTestNG.java:251)
	at org.testng.remote.RemoteTestNG.main(RemoteTestNG.java:77)
</pre></div></td>
<td>0</td>
<td>allTest.FlightTest@58ea606c</td></tr>
<tr>
<td title='allTest.FlightTest.validationOfLowestFares()'><b>validationOfLowestFares</b><br>Test class: allTest.FlightTest<br>Test method: To verify fare displayed is lowest for the day</td>
<td>
<a href="#attributes-1557712937" onClick='toggleBox("attributes-1557712937", this, "Show attributes", "Hide attributes");'>Show attributes</a>

<a href="#attributes-1557712937"></a><div class='log' id="attributes-1557712937">
name: passMessage, value:[The date is selected and is displayed]<br></div></td><td><div><pre>java.lang.Throwable: Method allTest.FlightTest.validationOfLowestFares() on instance allTest.FlightTest@58ea606c depends on not successfully finished methods 
[allTest.FlightTest.verifyDateBtn() on instance allTest.FlightTest@58ea606c]
	at java.base/java.util.ArrayList.forEach(ArrayList.java:1511)
... Removed 18 stack frames</pre></div><a href='#' onClick='toggleBox("stack-trace1557712937", this, "Click to show all stack frames", "Click to hide stack frames")'>Click to show all stack frames</a>
<div class='stack-trace' id='stack-trace1557712937'><pre>java.lang.Throwable: Method allTest.FlightTest.validationOfLowestFares() on instance allTest.FlightTest@58ea606c depends on not successfully finished methods 
[allTest.FlightTest.verifyDateBtn() on instance allTest.FlightTest@58ea606c]
	at org.testng.internal.invokers.TestInvoker.invokeTestMethods(TestInvoker.java:156)
	at org.testng.internal.invokers.TestMethodWorker.invokeTestMethods(TestMethodWorker.java:148)
	at org.testng.internal.invokers.TestMethodWorker.run(TestMethodWorker.java:128)
	at java.base/java.util.ArrayList.forEach(ArrayList.java:1511)
	at org.testng.TestRunner.privateRun(TestRunner.java:848)
	at org.testng.TestRunner.run(TestRunner.java:621)
	at org.testng.SuiteRunner.runTest(SuiteRunner.java:443)
	at org.testng.SuiteRunner.runSequentially(SuiteRunner.java:437)
	at org.testng.SuiteRunner.privateRun(SuiteRunner.java:397)
	at org.testng.SuiteRunner.run(SuiteRunner.java:336)
	at org.testng.SuiteRunnerWorker.runSuite(SuiteRunnerWorker.java:52)
	at org.testng.SuiteRunnerWorker.run(SuiteRunnerWorker.java:95)
	at org.testng.TestNG.runSuitesSequentially(TestNG.java:1280)
	at org.testng.TestNG.runSuitesLocally(TestNG.java:1200)
	at org.testng.TestNG.runSuites(TestNG.java:1114)
	at org.testng.TestNG.run(TestNG.java:1082)
	at org.testng.remote.AbstractRemoteTestNG.run(AbstractRemoteTestNG.java:115)
	at org.testng.remote.RemoteTestNG.initAndRun(RemoteTestNG.java:251)
	at org.testng.remote.RemoteTestNG.main(RemoteTestNG.java:77)
</pre></div></td>
<td>0</td>
<td>allTest.FlightTest@58ea606c</td></tr>
<tr>
<td title='allTest.FlightTest.verifyPassengerDetails()'><b>verifyPassengerDetails</b><br>Test class: allTest.FlightTest<br>Test method: To verify passenger details are displayed correctly</td>
<td>
<a href="#attributes-1437454238" onClick='toggleBox("attributes-1437454238", this, "Show attributes", "Hide attributes");'>Show attributes</a>

<a href="#attributes-1437454238"></a><div class='log' id="attributes-1437454238">
name: passMessage, value:[User is redirected to flight booking page]<br></div></td><td><div><pre>java.lang.Throwable: Method allTest.FlightTest.verifyPassengerDetails() on instance allTest.FlightTest@58ea606c depends on not successfully finished methods 
[allTest.FlightTest.enterPassengerDetails() on instance allTest.FlightTest@58ea606c]
	at java.base/java.util.ArrayList.forEach(ArrayList.java:1511)
... Removed 18 stack frames</pre></div><a href='#' onClick='toggleBox("stack-trace1437454238", this, "Click to show all stack frames", "Click to hide stack frames")'>Click to show all stack frames</a>
<div class='stack-trace' id='stack-trace1437454238'><pre>java.lang.Throwable: Method allTest.FlightTest.verifyPassengerDetails() on instance allTest.FlightTest@58ea606c depends on not successfully finished methods 
[allTest.FlightTest.enterPassengerDetails() on instance allTest.FlightTest@58ea606c]
	at org.testng.internal.invokers.TestInvoker.invokeTestMethods(TestInvoker.java:156)
	at org.testng.internal.invokers.TestMethodWorker.invokeTestMethods(TestMethodWorker.java:148)
	at org.testng.internal.invokers.TestMethodWorker.run(TestMethodWorker.java:128)
	at java.base/java.util.ArrayList.forEach(ArrayList.java:1511)
	at org.testng.TestRunner.privateRun(TestRunner.java:848)
	at org.testng.TestRunner.run(TestRunner.java:621)
	at org.testng.SuiteRunner.runTest(SuiteRunner.java:443)
	at org.testng.SuiteRunner.runSequentially(SuiteRunner.java:437)
	at org.testng.SuiteRunner.privateRun(SuiteRunner.java:397)
	at org.testng.SuiteRunner.run(SuiteRunner.java:336)
	at org.testng.SuiteRunnerWorker.runSuite(SuiteRunnerWorker.java:52)
	at org.testng.SuiteRunnerWorker.run(SuiteRunnerWorker.java:95)
	at org.testng.TestNG.runSuitesSequentially(TestNG.java:1280)
	at org.testng.TestNG.runSuitesLocally(TestNG.java:1200)
	at org.testng.TestNG.runSuites(TestNG.java:1114)
	at org.testng.TestNG.run(TestNG.java:1082)
	at org.testng.remote.AbstractRemoteTestNG.run(AbstractRemoteTestNG.java:115)
	at org.testng.remote.RemoteTestNG.initAndRun(RemoteTestNG.java:251)
	at org.testng.remote.RemoteTestNG.main(RemoteTestNG.java:77)
</pre></div></td>
<td>0</td>
<td>allTest.FlightTest@58ea606c</td></tr>
<tr>
<td title='allTest.FlightTest.verifyFromTextBox()'><b>verifyFromTextBox</b><br>Test class: allTest.FlightTest<br>Test method: To validate From textbox is enabled</td>
<td>
<a href="#attributes-1231370129" onClick='toggleBox("attributes-1231370129", this, "Show attributes", "Hide attributes");'>Show attributes</a>

<a href="#attributes-1231370129"></a><div class='log' id="attributes-1231370129">
name: passMessage, value:[A drop drown is displayed showing the city names list]<br></div></td><td><div><pre>java.lang.Throwable: Method allTest.FlightTest.verifyFromTextBox() on instance allTest.FlightTest@58ea606c depends on not successfully finished methods 
[allTest.FlightTest.navigateToFLightsPage() on instance allTest.FlightTest@58ea606c]
	at java.base/java.util.ArrayList.forEach(ArrayList.java:1511)
... Removed 18 stack frames</pre></div><a href='#' onClick='toggleBox("stack-trace1231370129", this, "Click to show all stack frames", "Click to hide stack frames")'>Click to show all stack frames</a>
<div class='stack-trace' id='stack-trace1231370129'><pre>java.lang.Throwable: Method allTest.FlightTest.verifyFromTextBox() on instance allTest.FlightTest@58ea606c depends on not successfully finished methods 
[allTest.FlightTest.navigateToFLightsPage() on instance allTest.FlightTest@58ea606c]
	at org.testng.internal.invokers.TestInvoker.invokeTestMethods(TestInvoker.java:156)
	at org.testng.internal.invokers.TestMethodWorker.invokeTestMethods(TestMethodWorker.java:148)
	at org.testng.internal.invokers.TestMethodWorker.run(TestMethodWorker.java:128)
	at java.base/java.util.ArrayList.forEach(ArrayList.java:1511)
	at org.testng.TestRunner.privateRun(TestRunner.java:848)
	at org.testng.TestRunner.run(TestRunner.java:621)
	at org.testng.SuiteRunner.runTest(SuiteRunner.java:443)
	at org.testng.SuiteRunner.runSequentially(SuiteRunner.java:437)
	at org.testng.SuiteRunner.privateRun(SuiteRunner.java:397)
	at org.testng.SuiteRunner.run(SuiteRunner.java:336)
	at org.testng.SuiteRunnerWorker.runSuite(SuiteRunnerWorker.java:52)
	at org.testng.SuiteRunnerWorker.run(SuiteRunnerWorker.java:95)
	at org.testng.TestNG.runSuitesSequentially(TestNG.java:1280)
	at org.testng.TestNG.runSuitesLocally(TestNG.java:1200)
	at org.testng.TestNG.runSuites(TestNG.java:1114)
	at org.testng.TestNG.run(TestNG.java:1082)
	at org.testng.remote.AbstractRemoteTestNG.run(AbstractRemoteTestNG.java:115)
	at org.testng.remote.RemoteTestNG.initAndRun(RemoteTestNG.java:251)
	at org.testng.remote.RemoteTestNG.main(RemoteTestNG.java:77)
</pre></div></td>
<td>0</td>
<td>allTest.FlightTest@58ea606c</td></tr>
<tr>
<td title='allTest.FlightTest.enterTravellerDetails()'><b>enterTravellerDetails</b><br>Test class: allTest.FlightTest<br>Test method: To verify user is able to add details in Travellers and class menu</td>
<td>
<a href="#attributes-219186182" onClick='toggleBox("attributes-219186182", this, "Show attributes", "Hide attributes");'>Show attributes</a>

<a href="#attributes-219186182"></a><div class='log' id="attributes-219186182">
name: passMessage, value:[User is redirected to avaible flights webpage]<br></div></td><td><div><pre>java.lang.Throwable: Method allTest.FlightTest.enterTravellerDetails() on instance allTest.FlightTest@58ea606c depends on not successfully finished methods 
[allTest.FlightTest.lowestDateSelection() on instance allTest.FlightTest@58ea606c]
	at java.base/java.util.ArrayList.forEach(ArrayList.java:1511)
... Removed 18 stack frames</pre></div><a href='#' onClick='toggleBox("stack-trace219186182", this, "Click to show all stack frames", "Click to hide stack frames")'>Click to show all stack frames</a>
<div class='stack-trace' id='stack-trace219186182'><pre>java.lang.Throwable: Method allTest.FlightTest.enterTravellerDetails() on instance allTest.FlightTest@58ea606c depends on not successfully finished methods 
[allTest.FlightTest.lowestDateSelection() on instance allTest.FlightTest@58ea606c]
	at org.testng.internal.invokers.TestInvoker.invokeTestMethods(TestInvoker.java:156)
	at org.testng.internal.invokers.TestMethodWorker.invokeTestMethods(TestMethodWorker.java:148)
	at org.testng.internal.invokers.TestMethodWorker.run(TestMethodWorker.java:128)
	at java.base/java.util.ArrayList.forEach(ArrayList.java:1511)
	at org.testng.TestRunner.privateRun(TestRunner.java:848)
	at org.testng.TestRunner.run(TestRunner.java:621)
	at org.testng.SuiteRunner.runTest(SuiteRunner.java:443)
	at org.testng.SuiteRunner.runSequentially(SuiteRunner.java:437)
	at org.testng.SuiteRunner.privateRun(SuiteRunner.java:397)
	at org.testng.SuiteRunner.run(SuiteRunner.java:336)
	at org.testng.SuiteRunnerWorker.runSuite(SuiteRunnerWorker.java:52)
	at org.testng.SuiteRunnerWorker.run(SuiteRunnerWorker.java:95)
	at org.testng.TestNG.runSuitesSequentially(TestNG.java:1280)
	at org.testng.TestNG.runSuitesLocally(TestNG.java:1200)
	at org.testng.TestNG.runSuites(TestNG.java:1114)
	at org.testng.TestNG.run(TestNG.java:1082)
	at org.testng.remote.AbstractRemoteTestNG.run(AbstractRemoteTestNG.java:115)
	at org.testng.remote.RemoteTestNG.initAndRun(RemoteTestNG.java:251)
	at org.testng.remote.RemoteTestNG.main(RemoteTestNG.java:77)
</pre></div></td>
<td>0</td>
<td>allTest.FlightTest@58ea606c</td></tr>
<tr>
<td title='allTest.FlightTest.verifyFlightDetails()'><b>verifyFlightDetails</b><br>Test class: allTest.FlightTest<br>Test method: To verify the details of flight is displayed at overview page</td>
<td>
<a href="#attributes-1479396661" onClick='toggleBox("attributes-1479396661", this, "Show attributes", "Hide attributes");'>Show attributes</a>

<a href="#attributes-1479396661"></a><div class='log' id="attributes-1479396661">
name: passMessage, value:[User is redirected to payment gateway to complete the payment]<br></div></td><td><div><pre>java.lang.Throwable: Method allTest.FlightTest.verifyFlightDetails() on instance allTest.FlightTest@58ea606c depends on not successfully finished methods 
[allTest.FlightTest.verifyBookBtn() on instance allTest.FlightTest@58ea606c]
	at java.base/java.util.ArrayList.forEach(ArrayList.java:1511)
... Removed 18 stack frames</pre></div><a href='#' onClick='toggleBox("stack-trace1479396661", this, "Click to show all stack frames", "Click to hide stack frames")'>Click to show all stack frames</a>
<div class='stack-trace' id='stack-trace1479396661'><pre>java.lang.Throwable: Method allTest.FlightTest.verifyFlightDetails() on instance allTest.FlightTest@58ea606c depends on not successfully finished methods 
[allTest.FlightTest.verifyBookBtn() on instance allTest.FlightTest@58ea606c]
	at org.testng.internal.invokers.TestInvoker.invokeTestMethods(TestInvoker.java:156)
	at org.testng.internal.invokers.TestMethodWorker.invokeTestMethods(TestMethodWorker.java:148)
	at org.testng.internal.invokers.TestMethodWorker.run(TestMethodWorker.java:128)
	at java.base/java.util.ArrayList.forEach(ArrayList.java:1511)
	at org.testng.TestRunner.privateRun(TestRunner.java:848)
	at org.testng.TestRunner.run(TestRunner.java:621)
	at org.testng.SuiteRunner.runTest(SuiteRunner.java:443)
	at org.testng.SuiteRunner.runSequentially(SuiteRunner.java:437)
	at org.testng.SuiteRunner.privateRun(SuiteRunner.java:397)
	at org.testng.SuiteRunner.run(SuiteRunner.java:336)
	at org.testng.SuiteRunnerWorker.runSuite(SuiteRunnerWorker.java:52)
	at org.testng.SuiteRunnerWorker.run(SuiteRunnerWorker.java:95)
	at org.testng.TestNG.runSuitesSequentially(TestNG.java:1280)
	at org.testng.TestNG.runSuitesLocally(TestNG.java:1200)
	at org.testng.TestNG.runSuites(TestNG.java:1114)
	at org.testng.TestNG.run(TestNG.java:1082)
	at org.testng.remote.AbstractRemoteTestNG.run(AbstractRemoteTestNG.java:115)
	at org.testng.remote.RemoteTestNG.initAndRun(RemoteTestNG.java:251)
	at org.testng.remote.RemoteTestNG.main(RemoteTestNG.java:77)
</pre></div></td>
<td>0</td>
<td>allTest.FlightTest@58ea606c</td></tr>
<tr>
<td title='allTest.FlightTest.verifyCardDetailsFields()'><b>verifyCardDetailsFields</b><br>Test class: allTest.FlightTest<br>Test method: To verify if user is able to enter credit card details</td>
<td>
<a href="#attributes-1482694266" onClick='toggleBox("attributes-1482694266", this, "Show attributes", "Hide attributes");'>Show attributes</a>

<a href="#attributes-1482694266"></a><div class='log' id="attributes-1482694266">
name: passMessage, value:[User is redirected to flight booking page]<br></div></td><td><div><pre>java.lang.Throwable: Method allTest.FlightTest.verifyCardDetailsFields() on instance allTest.FlightTest@58ea606c depends on not successfully finished methods 
[allTest.FlightTest.verifyCardPaymentOption() on instance allTest.FlightTest@58ea606c]
	at java.base/java.util.ArrayList.forEach(ArrayList.java:1511)
... Removed 18 stack frames</pre></div><a href='#' onClick='toggleBox("stack-trace1482694266", this, "Click to show all stack frames", "Click to hide stack frames")'>Click to show all stack frames</a>
<div class='stack-trace' id='stack-trace1482694266'><pre>java.lang.Throwable: Method allTest.FlightTest.verifyCardDetailsFields() on instance allTest.FlightTest@58ea606c depends on not successfully finished methods 
[allTest.FlightTest.verifyCardPaymentOption() on instance allTest.FlightTest@58ea606c]
	at org.testng.internal.invokers.TestInvoker.invokeTestMethods(TestInvoker.java:156)
	at org.testng.internal.invokers.TestMethodWorker.invokeTestMethods(TestMethodWorker.java:148)
	at org.testng.internal.invokers.TestMethodWorker.run(TestMethodWorker.java:128)
	at java.base/java.util.ArrayList.forEach(ArrayList.java:1511)
	at org.testng.TestRunner.privateRun(TestRunner.java:848)
	at org.testng.TestRunner.run(TestRunner.java:621)
	at org.testng.SuiteRunner.runTest(SuiteRunner.java:443)
	at org.testng.SuiteRunner.runSequentially(SuiteRunner.java:437)
	at org.testng.SuiteRunner.privateRun(SuiteRunner.java:397)
	at org.testng.SuiteRunner.run(SuiteRunner.java:336)
	at org.testng.SuiteRunnerWorker.runSuite(SuiteRunnerWorker.java:52)
	at org.testng.SuiteRunnerWorker.run(SuiteRunnerWorker.java:95)
	at org.testng.TestNG.runSuitesSequentially(TestNG.java:1280)
	at org.testng.TestNG.runSuitesLocally(TestNG.java:1200)
	at org.testng.TestNG.runSuites(TestNG.java:1114)
	at org.testng.TestNG.run(TestNG.java:1082)
	at org.testng.remote.AbstractRemoteTestNG.run(AbstractRemoteTestNG.java:115)
	at org.testng.remote.RemoteTestNG.initAndRun(RemoteTestNG.java:251)
	at org.testng.remote.RemoteTestNG.main(RemoteTestNG.java:77)
</pre></div></td>
<td>0</td>
<td>allTest.FlightTest@58ea606c</td></tr>
<tr>
<td title='allTest.FlightTest.verifyDestinationCity()'><b>verifyDestinationCity</b><br>Test class: allTest.FlightTest<br>Test method: To verify if user is able to click Ranchi from city dropdown list</td>
<td>
<a href="#attributes-973641395" onClick='toggleBox("attributes-973641395", this, "Show attributes", "Hide attributes");'>Show attributes</a>

<a href="#attributes-973641395"></a><div class='log' id="attributes-973641395">
name: passMessage, value:[The option is clicked]<br></div></td><td><div><pre>java.lang.Throwable: Method allTest.FlightTest.verifyDestinationCity() on instance allTest.FlightTest@58ea606c depends on not successfully finished methods 
[allTest.FlightTest.verifyToTextBox() on instance allTest.FlightTest@58ea606c]
	at java.base/java.util.ArrayList.forEach(ArrayList.java:1511)
... Removed 18 stack frames</pre></div><a href='#' onClick='toggleBox("stack-trace973641395", this, "Click to show all stack frames", "Click to hide stack frames")'>Click to show all stack frames</a>
<div class='stack-trace' id='stack-trace973641395'><pre>java.lang.Throwable: Method allTest.FlightTest.verifyDestinationCity() on instance allTest.FlightTest@58ea606c depends on not successfully finished methods 
[allTest.FlightTest.verifyToTextBox() on instance allTest.FlightTest@58ea606c]
	at org.testng.internal.invokers.TestInvoker.invokeTestMethods(TestInvoker.java:156)
	at org.testng.internal.invokers.TestMethodWorker.invokeTestMethods(TestMethodWorker.java:148)
	at org.testng.internal.invokers.TestMethodWorker.run(TestMethodWorker.java:128)
	at java.base/java.util.ArrayList.forEach(ArrayList.java:1511)
	at org.testng.TestRunner.privateRun(TestRunner.java:848)
	at org.testng.TestRunner.run(TestRunner.java:621)
	at org.testng.SuiteRunner.runTest(SuiteRunner.java:443)
	at org.testng.SuiteRunner.runSequentially(SuiteRunner.java:437)
	at org.testng.SuiteRunner.privateRun(SuiteRunner.java:397)
	at org.testng.SuiteRunner.run(SuiteRunner.java:336)
	at org.testng.SuiteRunnerWorker.runSuite(SuiteRunnerWorker.java:52)
	at org.testng.SuiteRunnerWorker.run(SuiteRunnerWorker.java:95)
	at org.testng.TestNG.runSuitesSequentially(TestNG.java:1280)
	at org.testng.TestNG.runSuitesLocally(TestNG.java:1200)
	at org.testng.TestNG.runSuites(TestNG.java:1114)
	at org.testng.TestNG.run(TestNG.java:1082)
	at org.testng.remote.AbstractRemoteTestNG.run(AbstractRemoteTestNG.java:115)
	at org.testng.remote.RemoteTestNG.initAndRun(RemoteTestNG.java:251)
	at org.testng.remote.RemoteTestNG.main(RemoteTestNG.java:77)
</pre></div></td>
<td>0</td>
<td>allTest.FlightTest@58ea606c</td></tr>
<tr>
<td title='allTest.FlightTest.lowestDateSelection()'><b>lowestDateSelection</b><br>Test class: allTest.FlightTest<br>Test method: To verify user is able to select date from Calendar for the lowest price</td>
<td>
<a href="#attributes-1854873748" onClick='toggleBox("attributes-1854873748", this, "Show attributes", "Hide attributes");'>Show attributes</a>

<a href="#attributes-1854873748"></a><div class='log' id="attributes-1854873748">
name: passMessage, value:[A dropdown is displayed and final details is displayed]<br></div></td><td><div><pre>java.lang.Throwable: Method allTest.FlightTest.lowestDateSelection() on instance allTest.FlightTest@58ea606c depends on not successfully finished methods 
[allTest.FlightTest.validationOfLowestFares() on instance allTest.FlightTest@58ea606c]
	at java.base/java.util.ArrayList.forEach(ArrayList.java:1511)
... Removed 18 stack frames</pre></div><a href='#' onClick='toggleBox("stack-trace1854873748", this, "Click to show all stack frames", "Click to hide stack frames")'>Click to show all stack frames</a>
<div class='stack-trace' id='stack-trace1854873748'><pre>java.lang.Throwable: Method allTest.FlightTest.lowestDateSelection() on instance allTest.FlightTest@58ea606c depends on not successfully finished methods 
[allTest.FlightTest.validationOfLowestFares() on instance allTest.FlightTest@58ea606c]
	at org.testng.internal.invokers.TestInvoker.invokeTestMethods(TestInvoker.java:156)
	at org.testng.internal.invokers.TestMethodWorker.invokeTestMethods(TestMethodWorker.java:148)
	at org.testng.internal.invokers.TestMethodWorker.run(TestMethodWorker.java:128)
	at java.base/java.util.ArrayList.forEach(ArrayList.java:1511)
	at org.testng.TestRunner.privateRun(TestRunner.java:848)
	at org.testng.TestRunner.run(TestRunner.java:621)
	at org.testng.SuiteRunner.runTest(SuiteRunner.java:443)
	at org.testng.SuiteRunner.runSequentially(SuiteRunner.java:437)
	at org.testng.SuiteRunner.privateRun(SuiteRunner.java:397)
	at org.testng.SuiteRunner.run(SuiteRunner.java:336)
	at org.testng.SuiteRunnerWorker.runSuite(SuiteRunnerWorker.java:52)
	at org.testng.SuiteRunnerWorker.run(SuiteRunnerWorker.java:95)
	at org.testng.TestNG.runSuitesSequentially(TestNG.java:1280)
	at org.testng.TestNG.runSuitesLocally(TestNG.java:1200)
	at org.testng.TestNG.runSuites(TestNG.java:1114)
	at org.testng.TestNG.run(TestNG.java:1082)
	at org.testng.remote.AbstractRemoteTestNG.run(AbstractRemoteTestNG.java:115)
	at org.testng.remote.RemoteTestNG.initAndRun(RemoteTestNG.java:251)
	at org.testng.remote.RemoteTestNG.main(RemoteTestNG.java:77)
</pre></div></td>
<td>0</td>
<td>allTest.FlightTest@58ea606c</td></tr>
<tr>
<td title='allTest.FlightTest.verifyPriceFilter()'><b>verifyPriceFilter</b><br>Test class: allTest.FlightTest<br>Test method: To verify the functionality of Price Filter</td>
<td>
<a href="#attributes-1784533123" onClick='toggleBox("attributes-1784533123", this, "Show attributes", "Hide attributes");'>Show attributes</a>

<a href="#attributes-1784533123"></a><div class='log' id="attributes-1784533123">
name: passMessage, value:[User is redirected to overview details page]<br></div></td><td><div><pre>java.lang.Throwable: Method allTest.FlightTest.verifyPriceFilter() on instance allTest.FlightTest@58ea606c depends on not successfully finished methods 
[allTest.FlightTest.verifySearchButton() on instance allTest.FlightTest@58ea606c]
	at java.base/java.util.ArrayList.forEach(ArrayList.java:1511)
... Removed 18 stack frames</pre></div><a href='#' onClick='toggleBox("stack-trace1784533123", this, "Click to show all stack frames", "Click to hide stack frames")'>Click to show all stack frames</a>
<div class='stack-trace' id='stack-trace1784533123'><pre>java.lang.Throwable: Method allTest.FlightTest.verifyPriceFilter() on instance allTest.FlightTest@58ea606c depends on not successfully finished methods 
[allTest.FlightTest.verifySearchButton() on instance allTest.FlightTest@58ea606c]
	at org.testng.internal.invokers.TestInvoker.invokeTestMethods(TestInvoker.java:156)
	at org.testng.internal.invokers.TestMethodWorker.invokeTestMethods(TestMethodWorker.java:148)
	at org.testng.internal.invokers.TestMethodWorker.run(TestMethodWorker.java:128)
	at java.base/java.util.ArrayList.forEach(ArrayList.java:1511)
	at org.testng.TestRunner.privateRun(TestRunner.java:848)
	at org.testng.TestRunner.run(TestRunner.java:621)
	at org.testng.SuiteRunner.runTest(SuiteRunner.java:443)
	at org.testng.SuiteRunner.runSequentially(SuiteRunner.java:437)
	at org.testng.SuiteRunner.privateRun(SuiteRunner.java:397)
	at org.testng.SuiteRunner.run(SuiteRunner.java:336)
	at org.testng.SuiteRunnerWorker.runSuite(SuiteRunnerWorker.java:52)
	at org.testng.SuiteRunnerWorker.run(SuiteRunnerWorker.java:95)
	at org.testng.TestNG.runSuitesSequentially(TestNG.java:1280)
	at org.testng.TestNG.runSuitesLocally(TestNG.java:1200)
	at org.testng.TestNG.runSuites(TestNG.java:1114)
	at org.testng.TestNG.run(TestNG.java:1082)
	at org.testng.remote.AbstractRemoteTestNG.run(AbstractRemoteTestNG.java:115)
	at org.testng.remote.RemoteTestNG.initAndRun(RemoteTestNG.java:251)
	at org.testng.remote.RemoteTestNG.main(RemoteTestNG.java:77)
</pre></div></td>
<td>0</td>
<td>allTest.FlightTest@58ea606c</td></tr>
<tr>
<td title='allTest.FlightTest.verifyPayWithoutSavingCardButton()'><b>verifyPayWithoutSavingCardButton</b><br>Test class: allTest.FlightTest<br>Test method: To verify functionality of 'Pay without saving card' option</td>
<td>
<a href="#attributes-2058228080" onClick='toggleBox("attributes-2058228080", this, "Show attributes", "Hide attributes");'>Show attributes</a>

<a href="#attributes-2058228080"></a><div class='log' id="attributes-2058228080">
name: passMessage, value:[User is redirected to flight booking page]<br></div></td><td><div><pre>java.lang.Throwable: Method allTest.FlightTest.verifyPayWithoutSavingCardButton() on instance allTest.FlightTest@58ea606c depends on not successfully finished methods 
[allTest.FlightTest.verifyCardDetailsFields() on instance allTest.FlightTest@58ea606c]
	at java.base/java.util.ArrayList.forEach(ArrayList.java:1511)
... Removed 18 stack frames</pre></div><a href='#' onClick='toggleBox("stack-trace2058228080", this, "Click to show all stack frames", "Click to hide stack frames")'>Click to show all stack frames</a>
<div class='stack-trace' id='stack-trace2058228080'><pre>java.lang.Throwable: Method allTest.FlightTest.verifyPayWithoutSavingCardButton() on instance allTest.FlightTest@58ea606c depends on not successfully finished methods 
[allTest.FlightTest.verifyCardDetailsFields() on instance allTest.FlightTest@58ea606c]
	at org.testng.internal.invokers.TestInvoker.invokeTestMethods(TestInvoker.java:156)
	at org.testng.internal.invokers.TestMethodWorker.invokeTestMethods(TestMethodWorker.java:148)
	at org.testng.internal.invokers.TestMethodWorker.run(TestMethodWorker.java:128)
	at java.base/java.util.ArrayList.forEach(ArrayList.java:1511)
	at org.testng.TestRunner.privateRun(TestRunner.java:848)
	at org.testng.TestRunner.run(TestRunner.java:621)
	at org.testng.SuiteRunner.runTest(SuiteRunner.java:443)
	at org.testng.SuiteRunner.runSequentially(SuiteRunner.java:437)
	at org.testng.SuiteRunner.privateRun(SuiteRunner.java:397)
	at org.testng.SuiteRunner.run(SuiteRunner.java:336)
	at org.testng.SuiteRunnerWorker.runSuite(SuiteRunnerWorker.java:52)
	at org.testng.SuiteRunnerWorker.run(SuiteRunnerWorker.java:95)
	at org.testng.TestNG.runSuitesSequentially(TestNG.java:1280)
	at org.testng.TestNG.runSuitesLocally(TestNG.java:1200)
	at org.testng.TestNG.runSuites(TestNG.java:1114)
	at org.testng.TestNG.run(TestNG.java:1082)
	at org.testng.remote.AbstractRemoteTestNG.run(AbstractRemoteTestNG.java:115)
	at org.testng.remote.RemoteTestNG.initAndRun(RemoteTestNG.java:251)
	at org.testng.remote.RemoteTestNG.main(RemoteTestNG.java:77)
</pre></div></td>
<td>0</td>
<td>allTest.FlightTest@58ea606c</td></tr>
<tr>
<td title='allTest.FlightTest.verifySearchButton()'><b>verifySearchButton</b><br>Test class: allTest.FlightTest<br>Test method: To verify the functionality of "Search flights" button after user click it</td>
<td>
<a href="#attributes-1845527423" onClick='toggleBox("attributes-1845527423", this, "Show attributes", "Hide attributes");'>Show attributes</a>

<a href="#attributes-1845527423"></a><div class='log' id="attributes-1845527423">
name: passMessage, value:[Flight details having prices in ascending order is displayed]<br></div></td><td><div><pre>java.lang.Throwable: Method allTest.FlightTest.verifySearchButton() on instance allTest.FlightTest@58ea606c depends on not successfully finished methods 
[allTest.FlightTest.enterTravellerDetails() on instance allTest.FlightTest@58ea606c]
	at java.base/java.util.ArrayList.forEach(ArrayList.java:1511)
... Removed 18 stack frames</pre></div><a href='#' onClick='toggleBox("stack-trace1845527423", this, "Click to show all stack frames", "Click to hide stack frames")'>Click to show all stack frames</a>
<div class='stack-trace' id='stack-trace1845527423'><pre>java.lang.Throwable: Method allTest.FlightTest.verifySearchButton() on instance allTest.FlightTest@58ea606c depends on not successfully finished methods 
[allTest.FlightTest.enterTravellerDetails() on instance allTest.FlightTest@58ea606c]
	at org.testng.internal.invokers.TestInvoker.invokeTestMethods(TestInvoker.java:156)
	at org.testng.internal.invokers.TestMethodWorker.invokeTestMethods(TestMethodWorker.java:148)
	at org.testng.internal.invokers.TestMethodWorker.run(TestMethodWorker.java:128)
	at java.base/java.util.ArrayList.forEach(ArrayList.java:1511)
	at org.testng.TestRunner.privateRun(TestRunner.java:848)
	at org.testng.TestRunner.run(TestRunner.java:621)
	at org.testng.SuiteRunner.runTest(SuiteRunner.java:443)
	at org.testng.SuiteRunner.runSequentially(SuiteRunner.java:437)
	at org.testng.SuiteRunner.privateRun(SuiteRunner.java:397)
	at org.testng.SuiteRunner.run(SuiteRunner.java:336)
	at org.testng.SuiteRunnerWorker.runSuite(SuiteRunnerWorker.java:52)
	at org.testng.SuiteRunnerWorker.run(SuiteRunnerWorker.java:95)
	at org.testng.TestNG.runSuitesSequentially(TestNG.java:1280)
	at org.testng.TestNG.runSuitesLocally(TestNG.java:1200)
	at org.testng.TestNG.runSuites(TestNG.java:1114)
	at org.testng.TestNG.run(TestNG.java:1082)
	at org.testng.remote.AbstractRemoteTestNG.run(AbstractRemoteTestNG.java:115)
	at org.testng.remote.RemoteTestNG.initAndRun(RemoteTestNG.java:251)
	at org.testng.remote.RemoteTestNG.main(RemoteTestNG.java:77)
</pre></div></td>
<td>0</td>
<td>allTest.FlightTest@58ea606c</td></tr>
</table><p>
</body>
</html>