<?xml version="1.0" encoding="UTF-8"?>
<!-- Generated by org.testng.reporters.JUnitReportReporter -->
<testsuite hostname="LTIN294257" failures="0" tests="18" name="allTest.FlightTest" time="0.016" errors="1" timestamp="2024-01-17T11:55:32 IST" skipped="17">
  <testcase classname="allTest.FlightTest" name="navigateToFLightsPage" time="0.014">
    <error message="no such window: target window already closed
from unknown error: web view not found
  (Session info: chrome=118.0.5993.71)
Build info: version: &#039;4.11.0&#039;, revision: &#039;040bc5406b&#039;
System info: os.name: &#039;Windows 11&#039;, os.arch: &#039;amd64&#039;, os.version: &#039;10.0&#039;, java.version: &#039;19.0.2&#039;
Driver info: org.openqa.selenium.chrome.ChromeDriver
Command: [42266116524b4919eb32c1334b9ba177, findElement {using=xpath, value=//*[@class=&#039;logSprite icClose&#039;]}]
Capabilities {acceptInsecureCerts: false, browserName: chrome, browserVersion: 118.0.5993.71, chrome: {chromedriverVersion: 118.0.5993.70 (e52f33f30b91..., userDataDir: C:\Windows\SystemTemp\scope...}, fedcm:accounts: true, goog:chromeOptions: {debuggerAddress: localhost:57584}, networkConnectionEnabled: false, pageLoadStrategy: normal, platformName: windows, proxy: Proxy(), se:cdp: ws://localhost:57584/devtoo..., se:cdpVersion: 118.0.5993.71, setWindowRect: true, strictFileInteractability: false, timeouts: {implicit: 0, pageLoad: 300000, script: 30000}, unhandledPromptBehavior: dismiss and notify, webauthn:extension:credBlob: true, webauthn:extension:largeBlob: true, webauthn:extension:minPinLength: true, webauthn:extension:prf: true, webauthn:virtualAuthenticators: true}
Session ID: 42266116524b4919eb32c1334b9ba177" type="org.openqa.selenium.NoSuchWindowException">
      <![CDATA[org.openqa.selenium.NoSuchWindowException: no such window: target window already closed
from unknown error: web view not found
  (Session info: chrome=118.0.5993.71)
Build info: version: '4.11.0', revision: '040bc5406b'
System info: os.name: 'Windows 11', os.arch: 'amd64', os.version: '10.0', java.version: '19.0.2'
Driver info: org.openqa.selenium.chrome.ChromeDriver
Command: [42266116524b4919eb32c1334b9ba177, findElement {using=xpath, value=//*[@class='logSprite icClose']}]
Capabilities {acceptInsecureCerts: false, browserName: chrome, browserVersion: 118.0.5993.71, chrome: {chromedriverVersion: 118.0.5993.70 (e52f33f30b91..., userDataDir: C:\Windows\SystemTemp\scope...}, fedcm:accounts: true, goog:chromeOptions: {debuggerAddress: localhost:57584}, networkConnectionEnabled: false, pageLoadStrategy: normal, platformName: windows, proxy: Proxy(), se:cdp: ws://localhost:57584/devtoo..., se:cdpVersion: 118.0.5993.71, setWindowRect: true, strictFileInteractability: false, timeouts: {implicit: 0, pageLoad: 300000, script: 30000}, unhandledPromptBehavior: dismiss and notify, webauthn:extension:credBlob: true, webauthn:extension:largeBlob: true, webauthn:extension:minPinLength: true, webauthn:extension:prf: true, webauthn:virtualAuthenticators: true}
Session ID: 42266116524b4919eb32c1334b9ba177
at java.base/jdk.internal.reflect.DirectConstructorHandleAccessor.newInstance(DirectConstructorHandleAccessor.java:67)
at java.base/java.lang.reflect.Constructor.newInstanceWithCaller(Constructor.java:500)
at java.base/java.lang.reflect.Constructor.newInstance(Constructor.java:484)
at org.openqa.selenium.remote.codec.w3c.W3CHttpResponseCodec.createException(W3CHttpResponseCodec.java:200)
at org.openqa.selenium.remote.codec.w3c.W3CHttpResponseCodec.decode(W3CHttpResponseCodec.java:133)
at org.openqa.selenium.remote.codec.w3c.W3CHttpResponseCodec.decode(W3CHttpResponseCodec.java:52)
at org.openqa.selenium.remote.HttpCommandExecutor.execute(HttpCommandExecutor.java:191)
at org.openqa.selenium.remote.service.DriverCommandExecutor.invokeExecute(DriverCommandExecutor.java:196)
at org.openqa.selenium.remote.service.DriverCommandExecutor.execute(DriverCommandExecutor.java:171)
at org.openqa.selenium.remote.RemoteWebDriver.execute(RemoteWebDriver.java:518)
at org.openqa.selenium.remote.ElementLocation$ElementFinder$2.findElement(ElementLocation.java:165)
at org.openqa.selenium.remote.ElementLocation.findElement(ElementLocation.java:59)
at org.openqa.selenium.remote.RemoteWebDriver.findElement(RemoteWebDriver.java:355)
at org.openqa.selenium.remote.RemoteWebDriver.findElement(RemoteWebDriver.java:349)
at pages.Homepage.closeSigninPopup(Homepage.java:127)
at allTest.FlightTest.navigateToFLightsPage(FlightTest.java:30)
at java.base/jdk.internal.reflect.DirectMethodHandleAccessor.invoke(DirectMethodHandleAccessor.java:104)
at java.base/java.lang.reflect.Method.invoke(Method.java:578)
at org.testng.internal.invokers.MethodInvocationHelper.invokeMethod(MethodInvocationHelper.java:139)
at org.testng.internal.invokers.TestInvoker.invokeMethod(TestInvoker.java:664)
at org.testng.internal.invokers.TestInvoker.invokeTestMethod(TestInvoker.java:227)
at org.testng.internal.invokers.MethodRunner.runInSequence(MethodRunner.java:50)
at org.testng.internal.invokers.TestInvoker$MethodInvocationAgent.invoke(TestInvoker.java:957)
at org.testng.internal.invokers.TestInvoker.invokeTestMethods(TestInvoker.java:200)
at org.testng.internal.invokers.TestMethodWorker.invokeTestMethods(TestMethodWorker.java:148)
at org.testng.internal.invokers.TestMethodWorker.run(TestMethodWorker.java:128)
at java.base/java.util.ArrayList.forEach(ArrayList.java:1511)
at org.testng.TestRunner.privateRun(TestRunner.java:848)
at org.testng.TestRunner.run(TestRunner.java:621)
at org.testng.SuiteRunner.runTest(SuiteRunner.java:443)
at org.testng.SuiteRunner.runSequentially(SuiteRunner.java:437)
at org.testng.SuiteRunner.privateRun(SuiteRunner.java:397)
at org.testng.SuiteRunner.run(SuiteRunner.java:336)
at org.testng.SuiteRunnerWorker.runSuite(SuiteRunnerWorker.java:52)
at org.testng.SuiteRunnerWorker.run(SuiteRunnerWorker.java:95)
at org.testng.TestNG.runSuitesSequentially(TestNG.java:1280)
at org.testng.TestNG.runSuitesLocally(TestNG.java:1200)
at org.testng.TestNG.runSuites(TestNG.java:1114)
at org.testng.TestNG.run(TestNG.java:1082)
at org.testng.remote.AbstractRemoteTestNG.run(AbstractRemoteTestNG.java:115)
at org.testng.remote.RemoteTestNG.initAndRun(RemoteTestNG.java:251)
at org.testng.remote.RemoteTestNG.main(RemoteTestNG.java:77)
]]>
    </error>
  </testcase> <!-- navigateToFLightsPage -->
  <testcase classname="allTest.FlightTest" name="enterPassengerDetails" time="0.000">
    <skipped/>
  </testcase> <!-- enterPassengerDetails -->
  <testcase classname="allTest.FlightTest" name="verifyCardPaymentOption" time="0.000">
    <skipped/>
  </testcase> <!-- verifyCardPaymentOption -->
  <testcase classname="allTest.FlightTest" name="verifyToTextBox" time="0.001">
    <skipped/>
  </testcase> <!-- verifyToTextBox -->
  <testcase classname="allTest.FlightTest" name="verifyBookBtn" time="0.000">
    <skipped/>
  </testcase> <!-- verifyBookBtn -->
  <testcase classname="allTest.FlightTest" name="verifyOriginCity" time="0.000">
    <skipped/>
  </testcase> <!-- verifyOriginCity -->
  <testcase classname="allTest.FlightTest" name="verifyDateBtn" time="0.000">
    <skipped/>
  </testcase> <!-- verifyDateBtn -->
  <testcase classname="allTest.FlightTest" name="validationOfLowestFares" time="0.000">
    <skipped/>
  </testcase> <!-- validationOfLowestFares -->
  <testcase classname="allTest.FlightTest" name="verifyPassengerDetails" time="0.000">
    <skipped/>
  </testcase> <!-- verifyPassengerDetails -->
  <testcase classname="allTest.FlightTest" name="verifyFromTextBox" time="0.000">
    <skipped/>
  </testcase> <!-- verifyFromTextBox -->
  <testcase classname="allTest.FlightTest" name="enterTravellerDetails" time="0.000">
    <skipped/>
  </testcase> <!-- enterTravellerDetails -->
  <testcase classname="allTest.FlightTest" name="verifyFlightDetails" time="0.000">
    <skipped/>
  </testcase> <!-- verifyFlightDetails -->
  <testcase classname="allTest.FlightTest" name="verifyCardDetailsFields" time="0.000">
    <skipped/>
  </testcase> <!-- verifyCardDetailsFields -->
  <testcase classname="allTest.FlightTest" name="verifyDestinationCity" time="0.000">
    <skipped/>
  </testcase> <!-- verifyDestinationCity -->
  <testcase classname="allTest.FlightTest" name="lowestDateSelection" time="0.001">
    <skipped/>
  </testcase> <!-- lowestDateSelection -->
  <testcase classname="allTest.FlightTest" name="verifyPriceFilter" time="0.000">
    <skipped/>
  </testcase> <!-- verifyPriceFilter -->
  <testcase classname="allTest.FlightTest" name="verifyPayWithoutSavingCardButton" time="0.000">
    <skipped/>
  </testcase> <!-- verifyPayWithoutSavingCardButton -->
  <testcase classname="allTest.FlightTest" name="verifySearchButton" time="0.000">
    <skipped/>
  </testcase> <!-- verifySearchButton -->
</testsuite> <!-- allTest.FlightTest -->
